[0mGET / [32m200 [0m96.942 ms - 8817[0m
[0mGET / [36m304 [0m32.845 ms - -[0m
[0mGET / [32m200 [0m102.855 ms - 8909[0m
[0mGET / [32m200 [0m79.648 ms - 8909[0m
[0mGET / [36m304 [0m28.577 ms - -[0m
[0mGET / [32m200 [0m153.333 ms - 5645[0m
[0mGET /favicon.ico [33m404 [0m20.530 ms - 150[0m
[0mGET /users/profile/5e79a4554d8c2102bd74ca9c [36m302 [0m25.349 ms - 72[0m
[0mGET /users/sign-in [36m304 [0m9.356 ms - -[0m
[0mPOST /users/create-session [36m302 [0m11.402 ms - 46[0m
[0mGET / [32m200 [0m41.060 ms - 9183[0m
[0mGET / [32m200 [0m72.602 ms - 8909[0m
[0mGET / [36m304 [0m39.971 ms - -[0m
[0mGET / [36m304 [0m35.250 ms - -[0m
[0mGET / [32m200 [0m90.627 ms - 8997[0m
[0mPOST /comments/create [0m- [0m- ms - -[0m
[0mPOST /comments/create [0m- [0m- ms - -[0m
[0mPOST /comments/create [0m- [0m- ms - -[0m
[0mPOST /comments/create [0m- [0m- ms - -[0m
[0mPOST /comments/create [0m- [0m- ms - -[0m
[0mPOST /comments/create [0m- [0m- ms - -[0m
[0mPOST /comments/create [0m- [0m- ms - -[0m
[0mPOST /comments/create [0m- [0m- ms - -[0m
[0mPOST /comments/create [0m- [0m- ms - -[0m
[0mPOST /comments/create [0m- [0m- ms - -[0m
[0mPOST /comments/create [0m- [0m- ms - -[0m
[0mPOST /comments/create [0m- [0m- ms - -[0m
[0mPOST /comments/create [0m- [0m- ms - -[0m
[0mPOST /comments/create [0m- [0m- ms - -[0m
[0mPOST /comments/create [0m- [0m- ms - -[0m
[0mPOST /comments/create [0m- [0m- ms - -[0m
[0mGET / [32m200 [0m109.051 ms - 9053[0m
[0mGET / [32m200 [0m67.089 ms - 9045[0m
[0mGET / [36m304 [0m208.468 ms - -[0m
[0mGET / [32m200 [0m97.797 ms - 9053[0m
[0mGET / [36m304 [0m126.090 ms - -[0m
[0mGET / [32m200 [0m92.938 ms - 9105[0m
[0mGET / [36m304 [0m43.313 ms - -[0m
[0mPOST /comments/create [0m- [0m- ms - -[0m
[0mPOST /comments/create [0m- [0m- ms - -[0m
[0mPOST /comments/create [0m- [0m- ms - -[0m
[0mPOST /comments/create [0m- [0m- ms - -[0m
[0mGET / [32m200 [0m188.706 ms - 9145[0m
[0mPOST /comments/create [36m302 [0m51.973 ms - 46[0m
[0mGET / [32m200 [0m56.231 ms - 9801[0m
[0mGET / [32m200 [0m206.355 ms - 9603[0m
[0mGET / [36m304 [0m31.849 ms - -[0m
[0mPOST /comments/create [0m- [0m- ms - -[0m
[0mPOST /comments/create [0m- [0m- ms - -[0m
[0mGET / [36m304 [0m35.301 ms - -[0m
[0mPOST /comments/create [0m- [0m- ms - -[0m
[0mPOST /comments/create [0m- [0m- ms - -[0m
[0mPOST /comments/create [0m- [0m- ms - -[0m
[0mGET / [32m200 [0m76.716 ms - 9587[0m
[0mGET / [32m200 [0m206.135 ms - 9595[0m
[0mGET / [36m304 [0m39.189 ms - -[0m
[0mGET / [32m200 [0m78.148 ms - 9595[0m
[0mGET / [32m200 [0m68.941 ms - 9507[0m
[0mGET / [36m304 [0m33.863 ms - -[0m
[0mGET / [32m200 [0m71.415 ms - 9347[0m
[0mGET / [32m200 [0m117.755 ms - 9351[0m
[0mGET / [32m200 [0m72.239 ms - 9351[0m
[0mGET / [32m200 [0m74.217 ms - 9419[0m
[0mGET / [32m200 [0m70.502 ms - 9419[0m
[0mGET / [32m200 [0m73.993 ms - 9419[0m
[0mGET / [32m200 [0m68.986 ms - 9419[0m
[0mGET / [32m200 [0m72.572 ms - 9479[0m
[0mGET / [32m200 [0m71.017 ms - 9421[0m
[0mGET / [32m200 [0m69.856 ms - 9652[0m
[0mGET / [32m200 [0m70.300 ms - 9692[0m
[0mGET / [36m304 [0m32.637 ms - -[0m
[0mGET /comments/destroy/5e91860a19c4ff0406511d47 [36m302 [0m26.515 ms - 88[0m
[0mGET / [32m200 [0m27.176 ms - 9229[0m
[0mGET / [32m200 [0m70.534 ms - 9213[0m
[0mGET / [32m200 [0m135.222 ms - 9271[0m
[0mGET / [32m200 [0m74.472 ms - 9387[0m
[0mPOST /posts/create [32m200 [0m16.054 ms - 463[0m
[0mPOST /comments/create [0m- [0m- ms - -[0m
[0mGET / [32m200 [0m70.746 ms - 10422[0m
[0mGET /posts/destroy/5e91898f6efaf6064a5db81a [36m302 [0m29.304 ms - 88[0m
[0mGET / [32m200 [0m23.371 ms - 9611[0m
[0mGET /posts/destroy/5e79b4f8690eba05fff995ad [36m302 [0m8.091 ms - 88[0m
[0mGET / [32m200 [0m22.648 ms - 8512[0m
[0mPOST /posts/create [32m200 [0m13.180 ms - 463[0m
[0mGET / [32m200 [0m26.982 ms - 9323[0m
[0mGET / [36m304 [0m70.372 ms - -[0m
[0mGET / [32m200 [0m69.560 ms - 9301[0m
[0mGET / [36m304 [0m69.821 ms - -[0m
[0mGET / [36m304 [0m67.961 ms - -[0m
[0mGET / [36m304 [0m74.076 ms - -[0m
[0mGET / [36m304 [0m69.320 ms - -[0m
[0mGET / [36m304 [0m33.152 ms - -[0m
[0mGET /users/profile/5e79a4554d8c2102bd74ca9c [32m200 [0m12.357 ms - 2058[0m
[0mGET /users/sign-out [36m302 [0m13.904 ms - 46[0m
[0mGET / [32m200 [0m21.972 ms - 5954[0m
[0mGET /users/profile/5e79a4554d8c2102bd74ca9c [36m302 [0m3.406 ms - 72[0m
[0mGET /users/sign-in [32m200 [0m6.667 ms - 2776[0m
[0mGET /users/sign-in [36m304 [0m5.190 ms - -[0m
[0mGET /users/sign-up [32m200 [0m6.096 ms - 2977[0m
[0mGET /users/sign-in [36m304 [0m4.561 ms - -[0m
[0mPOST /users/create-session [36m302 [0m6.322 ms - 46[0m
[0mGET / [32m200 [0m20.673 ms - 9575[0m
[0mGET /users/profile/5e79a4554d8c2102bd74ca9c [32m200 [0m12.192 ms - 2058[0m
[0mGET /users/sign-out [36m302 [0m4.966 ms - 46[0m
[0mGET / [32m200 [0m17.474 ms - 5954[0m
[0mGET /users/profile/5e79a4554d8c2102bd74ca9c [36m302 [0m3.465 ms - 72[0m
[0mGET /users/sign-in [36m304 [0m3.475 ms - -[0m
[0mPOST /users/create-session [36m302 [0m6.350 ms - 46[0m
[0mGET / [32m200 [0m18.764 ms - 9575[0m
[0mGET /users/profile/5e79a4554d8c2102bd74ca9c [32m200 [0m5.762 ms - 2058[0m
[0mGET /users/profile/ [33m404 [0m8.100 ms - 153[0m
[0mGET /users/sign-out [36m302 [0m5.953 ms - 46[0m
[0mGET / [32m200 [0m32.007 ms - 5954[0m
[0mGET / [32m200 [0m126.995 ms - 5683[0m
[0mGET /favicon.ico [33m404 [0m13.009 ms - 150[0m
[0mGET /users/profile/5e79a4554d8c2102bd74ca9c [36m302 [0m13.197 ms - 72[0m
[0mGET /users/sign-in [32m200 [0m8.094 ms - 2776[0m
[0mGET /users/sign-up [32m200 [0m11.394 ms - 2977[0m
[0mGET /users/sign-in [36m304 [0m7.367 ms - -[0m
[0mPOST /users/create-session [36m302 [0m11.808 ms - 46[0m
[0mGET / [32m200 [0m32.697 ms - 9575[0m
[0mGET / [32m200 [0m74.853 ms - 9401[0m
[0mGET / [32m200 [0m134.159 ms - 9417[0m
[0mGET /posts/destroy/5e79a4654d8c2102bd74ca9d [36m302 [0m23.957 ms - 88[0m
[0mGET / [32m200 [0m27.609 ms - 7656[0m
[0mGET /posts/destroy/5e9189cdccf0760669d0da5c [36m302 [0m12.431 ms - 88[0m
[0mGET / [32m200 [0m19.869 ms - 6528[0m
[0mGET /users/profile/5e79a4554d8c2102bd74ca9c [32m200 [0m17.219 ms - 2058[0m
[0mGET /users/sign-out [36m302 [0m6.377 ms - 46[0m
[0mGET / [32m200 [0m16.101 ms - 4533[0m
[0mGET /users/profile/5e79a4554d8c2102bd74ca9c [36m302 [0m6.307 ms - 72[0m
[0mGET /users/sign-in [36m304 [0m3.663 ms - -[0m
[0mPOST /users/create-session [36m302 [0m4.043 ms - 72[0m
[0mGET /users/sign-in [32m200 [0m4.425 ms - 3051[0m
[0mPOST /users/create-session [36m302 [0m6.129 ms - 72[0m
[0mGET /users/sign-in [36m304 [0m3.013 ms - -[0m
[0mPOST /users/create-session [36m302 [0m5.277 ms - 72[0m
[0mGET /users/sign-in [36m304 [0m4.927 ms - -[0m
[0mPOST /users/create-session [36m302 [0m4.527 ms - 72[0m
[0mGET /users/sign-in [36m304 [0m3.199 ms - -[0m
[0mPOST /users/create-session [36m302 [0m7.077 ms - 46[0m
[0mGET / [32m200 [0m18.567 ms - 6514[0m
[0mGET /users/profile/5e79a4554d8c2102bd74ca9c [32m200 [0m9.183 ms - 2058[0m
[0mGET /users/sign-out [36m302 [0m6.258 ms - 46[0m
[0mGET / [32m200 [0m16.466 ms - 4533[0m
[0mGET /users/profile/5e79a4554d8c2102bd74ca9c [36m302 [0m5.519 ms - 72[0m
[0mGET /users/sign-in [32m200 [0m3.754 ms - 2776[0m
[0mPOST /users/create-session [36m302 [0m9.578 ms - 72[0m
[0mGET /users/sign-in [32m200 [0m3.507 ms - 3051[0m
[0mPOST /users/create-session [36m302 [0m8.519 ms - 72[0m
[0mGET /users/sign-in [36m304 [0m4.390 ms - -[0m
[0mPOST /users/create-session [36m302 [0m7.204 ms - 72[0m
[0mGET /users/sign-in [36m304 [0m2.731 ms - -[0m
[0mPOST /users/create-session [36m302 [0m5.374 ms - 72[0m
[0mGET /users/sign-in [36m304 [0m2.695 ms - -[0m
[0mPOST /users/create-session [36m302 [0m6.516 ms - 46[0m
[0mGET / [32m200 [0m17.176 ms - 6514[0m
[0mGET /users/profile/5e739de297d38702a49bbc90 [32m200 [0m6.147 ms - 1694[0m
[0mGET /users/profile/5e739d4897d38702a49bbc8e [32m200 [0m11.515 ms - 1694[0m
[0mGET /users/profile/5e79a4554d8c2102bd74ca9c [32m200 [0m13.375 ms - 2058[0m
[0mGET /users/sign-out [36m302 [0m5.754 ms - 46[0m
[0mGET / [32m200 [0m13.979 ms - 4533[0m
[0mGET /users/profile/5e79a4554d8c2102bd74ca9c [36m302 [0m1.730 ms - 72[0m
[0mGET /users/sign-in [32m200 [0m4.619 ms - 2776[0m
[0mPOST /users/create-session [36m302 [0m10.098 ms - 72[0m
[0mGET /users/sign-in [32m200 [0m5.697 ms - 3051[0m
[0mPOST /users/create-session [36m302 [0m5.323 ms - 72[0m
[0mGET /users/sign-in [36m304 [0m5.646 ms - -[0m
[0mGET /users/auth/google [36m302 [0m5.683 ms - 0[0m
[0mGET /users/auth/google/callback?code=4%2FzQFZISLO8ytWt1eQGfVRNAEPAmtYWAUEnQcpOGTu-GCHdZTHExxWDH_f9Lc4WRti_-m9HxGM-U8QGEzMfMhRMQ8&scope=email+profile+https%3A%2F%2Fwww.googleapis.com%2Fauth%2Fuserinfo.profile+https%3A%2F%2Fwww.googleapis.com%2Fauth%2Fuserinfo.email+openid&authuser=0&prompt=consent [36m302 [0m700.083 ms - 46[0m
[0mGET / [32m200 [0m17.843 ms - 7204[0m
[0mGET /posts/destroy/5e746fe359d6bf04724d022d [36m302 [0m10.248 ms - 88[0m
[0mGET / [32m200 [0m14.035 ms - 5617[0m
[0mGET /posts/destroy/5e739dc897d38702a49bbc8f [36m302 [0m10.299 ms - 88[0m
[0mGET / [32m200 [0m9.243 ms - 4255[0m
[0mGET /users/profile/5e739d4897d38702a49bbc8e [32m200 [0m10.619 ms - 2079[0m
[0mGET /users/sign-out [36m302 [0m5.433 ms - 46[0m
[0mGET / [32m200 [0m7.039 ms - 2971[0m
[0mGET /users/profile/5e79a4554d8c2102bd74ca9c [36m302 [0m5.395 ms - 72[0m
[0mGET /users/sign-in [32m200 [0m4.681 ms - 2776[0m
[0mPOST /users/create-session [36m302 [0m4.958 ms - 46[0m
[0mGET / [32m200 [0m9.792 ms - 4234[0m
[0mPOST /posts/create [32m200 [0m20.068 ms - 497[0m
[0mPOST /comments/create [0m- [0m- ms - -[0m
[0mPOST /users/create-session [36m302 [0m11.603 ms - 46[0m
[0mGET / [32m200 [0m13.724 ms - 5396[0m
[0mGET / [32m200 [0m65.839 ms - 5186[0m
[0mGET / [32m200 [0m57.528 ms - 5186[0m
[0mGET / [32m200 [0m69.869 ms - 5211[0m
[0mGET / [32m200 [0m64.738 ms - 5211[0m
[0mGET / [32m200 [0m63.265 ms - 5231[0m
[0mGET / [32m200 [0m62.173 ms - 5231[0m
[0mGET / [32m200 [0m70.268 ms - 5232[0m
[0mGET / [32m200 [0m66.455 ms - 5246[0m
[0mGET / [32m200 [0m69.666 ms - 5247[0m
[0mPOST /comments/create [0m- [0m- ms - -[0m
[0mPOST /users/create-session [36m302 [0m15.066 ms - 46[0m
[0mGET / [31m500 [0m18.259 ms - 4074[0m
[0mPOST /users/create-session [36m302 [0m12.828 ms - 46[0m
[0mGET / [31m500 [0m12.134 ms - 4074[0m
[0mPOST /users/create-session [36m302 [0m32.613 ms - 46[0m
[0mGET / [31m500 [0m39.210 ms - 4074[0m
[0mGET / [31m500 [0m70.663 ms - 4074[0m
[0mGET /users/sign-in [36m302 [0m11.007 ms - 72[0m
[0mGET /users/profile [33m404 [0m5.500 ms - 152[0m
[0mGET / [31m500 [0m84.241 ms - 4074[0m
[0mGET / [31m500 [0m29.416 ms - 4074[0m
[0mGET / [31m500 [0m29.035 ms - 4074[0m
[0mGET / [31m500 [0m19.643 ms - 4074[0m
[0mGET / [31m500 [0m23.676 ms - 4074[0m
[0mGET / [31m500 [0m25.967 ms - 4074[0m
[0mGET / [31m500 [0m19.642 ms - 4074[0m
[0mGET / [31m500 [0m18.693 ms - 4074[0m
[0mGET / [31m500 [0m19.929 ms - 4074[0m
[0mGET / [31m500 [0m26.604 ms - 4074[0m
[0mGET / [31m500 [0m19.734 ms - 4074[0m
[0mGET / [31m500 [0m18.615 ms - 4074[0m
[0mGET / [31m500 [0m22.977 ms - 4074[0m
[0mGET / [31m500 [0m27.468 ms - 4074[0m
[0mGET / [31m500 [0m18.363 ms - 4074[0m
[0mGET / [31m500 [0m31.755 ms - 4074[0m
[0mGET / [31m500 [0m25.565 ms - 4074[0m
[0mGET / [31m500 [0m58.720 ms - 4074[0m
[0mGET / [31m500 [0m45.172 ms - 4074[0m
[0mGET / [31m500 [0m23.494 ms - 4074[0m
[0mGET / [31m500 [0m115.643 ms - 4074[0m
[0mGET / [31m500 [0m63.294 ms - 4074[0m
[0mGET / [31m500 [0m22.277 ms - 4074[0m
[0mGET / [31m500 [0m24.075 ms - 4074[0m
[0mGET / [31m500 [0m24.200 ms - 4074[0m
[0mGET / [31m500 [0m27.372 ms - 4074[0m
[0mGET / [31m500 [0m25.335 ms - 4074[0m
[0mGET /users/sign-in [36m302 [0m32.720 ms - 72[0m
[0mGET /users/profile [33m404 [0m17.220 ms - 152[0m
[0mGET /users/profile [33m404 [0m34.121 ms - 152[0m
[0mGET /users/profile [33m404 [0m12.933 ms - 152[0m
[0mGET /users/profile [33m404 [0m7.936 ms - 152[0m
[0mGET / [31m500 [0m89.774 ms - 4074[0m
[0mGET /users/sign-in [36m302 [0m26.605 ms - 72[0m
[0mGET /users/profile [33m404 [0m13.467 ms - 152[0m
[0mGET /users/profile [33m404 [0m7.746 ms - 152[0m
[0mGET /users/sign-in [36m302 [0m9.067 ms - 72[0m
[0mGET /users/profile [33m404 [0m8.924 ms - 152[0m
[0mGET / [31m500 [0m23.230 ms - 4074[0m
[0mGET / [31m500 [0m56.146 ms - 4074[0m
[0mGET / [31m500 [0m65.398 ms - 4074[0m
[0mGET / [31m500 [0m28.311 ms - 4074[0m
[0mGET / [31m500 [0m33.527 ms - 4074[0m
[0mGET / [31m500 [0m21.886 ms - 4074[0m
[0mGET / [31m500 [0m29.586 ms - 4074[0m
[0mGET / [31m500 [0m20.142 ms - 4074[0m
[0mGET / [31m500 [0m26.220 ms - 4074[0m
[0mGET / [31m500 [0m21.302 ms - 4074[0m
[0mGET / [31m500 [0m22.829 ms - 4074[0m
[0mGET / [31m500 [0m49.524 ms - 4074[0m
[0mGET /users/sign-in [36m302 [0m43.348 ms - 72[0m
[0mGET /users/profile [33m404 [0m22.329 ms - 152[0m
[0mGET / [31m500 [0m52.023 ms - 4074[0m
[0mGET / [31m500 [0m197.010 ms - 4074[0m
[0mGET / [31m500 [0m48.697 ms - 4074[0m
[0mGET / [32m200 [0m47.656 ms - 3960[0m
[0mGET /favicon.ico [33m404 [0m37.749 ms - 150[0m
[0mGET /users/profile/5e79a4554d8c2102bd74ca9c [32m200 [0m13.639 ms - 2058[0m
[0mGET /users/profile/ [33m404 [0m6.755 ms - 153[0m
[0mGET /users/sign-out [36m302 [0m10.796 ms - 46[0m
[0mGET / [32m200 [0m7.051 ms - 2971[0m
[0mGET /users/profile/5e79a4554d8c2102bd74ca9c [36m302 [0m6.527 ms - 72[0m
[0mGET /users/sign-in [32m200 [0m6.157 ms - 2776[0m
[0mPOST /users/create-session [36m302 [0m5.237 ms - 46[0m
[0mGET / [32m200 [0m13.727 ms - 4234[0m
[0mPOST /posts/create [32m200 [0m23.678 ms - 519[0m
[0mPOST /posts/create [32m200 [0m8.140 ms - 519[0m
[0mPOST /comments/create [0m- [0m- ms - -[0m
[0mPOST /posts/create [32m200 [0m8.168 ms - 519[0m
[0mPOST /comments/create [0m- [0m- ms - -[0m
[0mGET /users/profile/5e79a4554d8c2102bd74ca9c [32m200 [0m10.874 ms - 2058[0m
[0mGET /users/sign-out [36m302 [0m6.689 ms - 46[0m
[0mGET / [32m200 [0m18.986 ms - 4972[0m
[0mGET /users/profile/5e79a4554d8c2102bd74ca9c [36m302 [0m4.054 ms - 72[0m
[0mGET /users/sign-in [36m304 [0m4.927 ms - -[0m
[0mPOST /users/create-session [36m302 [0m5.404 ms - 46[0m
[0mGET / [32m200 [0m13.270 ms - 8161[0m
[0mGET /posts/destroy/5eb2b25e481a1905ceaf88f4 [36m302 [0m17.860 ms - 88[0m
[0mGET / [32m200 [0m14.248 ms - 6866[0m
[0mGET /posts/destroy/5eb2b292481a1905ceaf88f5 [36m302 [0m14.043 ms - 88[0m
[0mGET / [32m200 [0m19.847 ms - 5557[0m
[0mGET / [32m200 [0m93.224 ms - 5291[0m
[0mGET / [32m200 [0m56.730 ms - 5305[0m
[0mGET / [36m304 [0m29.007 ms - -[0m
[0mGET / [32m200 [0m58.342 ms - 5305[0m
[0mGET / [32m200 [0m63.061 ms - 5305[0m
[0mGET / [32m200 [0m57.711 ms - 5305[0m
[0mGET / [32m200 [0m129.883 ms - 3367[0m
[0mGET /favicon.ico [33m404 [0m39.337 ms - 150[0m
[0mGET /users/profile/5e79a4554d8c2102bd74ca9c [36m302 [0m11.050 ms - 72[0m
[0mGET /users/sign-in [36m304 [0m5.818 ms - -[0m
[0mGET / [31m500 [0m161.599 ms - 1892[0m
[0mGET / [31m500 [0m29.029 ms - 1892[0m
[0mGET / [32m200 [0m76.757 ms - 3367[0m
[0mGET /favicon.ico [33m404 [0m9.070 ms - 150[0m
[0mGET /users/profile/5e79a4554d8c2102bd74ca9c [36m302 [0m14.436 ms - 72[0m
[0mGET /users/sign-in [36m304 [0m6.947 ms - -[0m
[0mPOST /users/create-session [36m302 [0m26.783 ms - 46[0m
[0mGET / [32m200 [0m23.245 ms - 5579[0m
[0mGET /users/auth/google [36m302 [0m11.223 ms - 0[0m
[0mGET /users/sign-up [36m302 [0m7.569 ms - 72[0m
[0mGET /users/profile [33m404 [0m4.242 ms - 152[0m
[0mGET /users/sign-up [36m302 [0m4.942 ms - 72[0m
[0mGET /users/profile [33m404 [0m4.747 ms - 152[0m
[0mGET / [32m200 [0m118.770 ms - 3367[0m
[0mGET /favicon.ico [33m404 [0m15.522 ms - 150[0m
[0mGET /users/profile/5e79a4554d8c2102bd74ca9c [36m302 [0m6.546 ms - 72[0m
[0mGET /users/sign-in [36m304 [0m7.100 ms - -[0m
[0mPOST /users/create-session [36m302 [0m23.437 ms - 46[0m
[0mGET / [32m200 [0m16.070 ms - 5579[0m
[0mPOST /comments/create [36m302 [0m73.718 ms - 46[0m
[0mGET / [32m200 [0m42.449 ms - 6042[0m
[0mGET / [32m200 [0m18.884 ms - 5764[0m
[0mGET / [36m304 [0m15.716 ms - -[0m
[0mGET / [36m304 [0m16.894 ms - -[0m
[0mGET / [36m304 [0m15.333 ms - -[0m
[0mGET / [36m304 [0m17.363 ms - -[0m
[0mGET / [36m304 [0m17.397 ms - -[0m
[0mPOST /comments/create [36m302 [0m15.496 ms - 46[0m
[0mGET / [32m200 [0m17.754 ms - 6507[0m
[0mGET / [32m200 [0m16.878 ms - 6229[0m
[0mGET / [32m200 [0m147.194 ms - 3813[0m
[0mGET /favicon.ico [33m404 [0m28.607 ms - 150[0m
[0mGET /users/profile/5e79a4554d8c2102bd74ca9c [36m302 [0m15.156 ms - 72[0m
[0mGET /users/sign-in [36m304 [0m9.437 ms - -[0m
[0mPOST /users/create-session [36m302 [0m28.428 ms - 46[0m
[0mGET / [32m200 [0m22.817 ms - 6503[0m
[0mGET / [32m200 [0m63.601 ms - 6229[0m
[0mGET /users/profile/5e79a4554d8c2102bd74ca9c [32m200 [0m28.465 ms - 2058[0m
[0mGET /users/sign-out [36m302 [0m6.775 ms - 46[0m
[0mGET / [32m200 [0m19.987 ms - 4084[0m
[0mGET /users/profile/5e79a4554d8c2102bd74ca9c [36m302 [0m3.515 ms - 72[0m
[0mGET /users/sign-in [36m304 [0m5.593 ms - -[0m
[0mGET /users/auth/google [36m302 [0m8.074 ms - 0[0m
[0mGET /users/auth/google/callback?code=4%2F0AHIZenHjWCri5gbgCE2W1m0wzmfTexKtrVVlf2ykKjnS8I0guiPeZW0TdCFwJxL3vGG9grR_WNG7nvAt8id9NA&scope=email+profile+https%3A%2F%2Fwww.googleapis.com%2Fauth%2Fuserinfo.profile+https%3A%2F%2Fwww.googleapis.com%2Fauth%2Fuserinfo.email+openid&authuser=0&prompt=consent [36m302 [0m755.165 ms - 46[0m
[0mGET / [32m200 [0m21.115 ms - 5785[0m
[0mGET / [32m200 [0m28.938 ms - 5511[0m
[0mGET / [32m200 [0m153.975 ms - 15573[0m
[0mGET /favicon.ico [33m404 [0m28.628 ms - 150[0m
[0mGET /users/profile/5e79a4554d8c2102bd74ca9c [36m302 [0m16.066 ms - 72[0m
[0mGET /users/sign-in [36m304 [0m27.723 ms - -[0m
[0mPOST /users/create-session [36m302 [0m29.489 ms - 46[0m
[0mGET / [32m200 [0m53.356 ms - 30625[0m
[0mPOST /posts/create [32m200 [0m23.482 ms - 463[0m
[0mPOST /posts/create [32m200 [0m11.172 ms - 463[0m
[0mGET /posts/destroy/5ecd1fc31b49980af693116e [36m302 [0m12.654 ms - 88[0m
[0mGET / [32m200 [0m31.546 ms - 31890[0m
[0mGET /posts/destroy/5ed91c900e432e042c4cff5e [36m302 [0m14.516 ms - 88[0m
[0mGET / [32m200 [0m27.719 ms - 30637[0m
[0mPOST /posts/create [32m200 [0m7.079 ms - 463[0m
[0mGET / [32m200 [0m180.205 ms - 16182[0m
[0mGET /favicon.ico [33m404 [0m73.792 ms - 150[0m
[0mGET /users/profile/5e79a4554d8c2102bd74ca9c [36m302 [0m9.870 ms - 72[0m
[0mGET /users/sign-in [36m304 [0m8.019 ms - -[0m
[0mGET /users/sign-up [32m200 [0m11.475 ms - 2977[0m
[0mGET /users/sign-in [36m304 [0m7.726 ms - -[0m
[0mPOST /users/create-session [36m302 [0m30.403 ms - 46[0m
[0mGET / [32m200 [0m35.194 ms - 31876[0m
[0mGET / [32m200 [0m71.244 ms - 31557[0m
[0mGET / [32m200 [0m70.742 ms - 31381[0m
[0mGET /posts/destroy/5ecd1fbb1b49980af693115a [36m302 [0m35.391 ms - 88[0m
[0mGET / [32m200 [0m39.286 ms - 30424[0m
[0mGET /posts/destroy/5ecd1fc11b49980af6931164 [36m302 [0m14.303 ms - 88[0m
[0mGET / [32m200 [0m38.168 ms - 29179[0m
[0mGET /posts/destroy/5ecd1fc31b49980af693116d [36m302 [0m13.455 ms - 88[0m
[0mGET / [32m200 [0m34.338 ms - 27934[0m
[0mGET /posts/destroy/5ecd1fbb1b49980af693115b [36m302 [0m12.155 ms - 88[0m
[0mGET / [32m200 [0m28.071 ms - 26689[0m
[0mGET /posts/destroy/5ecd1fc31b49980af693116c [36m302 [0m11.695 ms - 88[0m
[0mGET / [32m200 [0m46.183 ms - 25444[0m
[0mGET /posts/destroy/5ed91c8a0e432e042c4cff5d [36m302 [0m11.528 ms - 88[0m
[0mGET / [32m200 [0m29.342 ms - 24201[0m
[0mGET /posts/destroy/5ecd1fc31b49980af693116b [36m302 [0m13.972 ms - 88[0m
[0mGET / [32m200 [0m31.495 ms - 22956[0m
[0mGET /posts/destroy/5ecd1fc21b49980af693116a [36m302 [0m12.195 ms - 88[0m
[0mGET / [32m200 [0m30.292 ms - 21711[0m
[0mGET /posts/destroy/5ecd1fc21b49980af6931169 [36m302 [0m14.157 ms - 88[0m
[0mGET / [32m200 [0m31.884 ms - 20466[0m
[0mGET /posts/destroy/5ecd1fbe1b49980af693115c [36m302 [0m12.088 ms - 88[0m
[0mGET / [32m200 [0m23.200 ms - 19221[0m
[0mGET /posts/destroy/5ecd1fc21b49980af6931168 [36m302 [0m13.224 ms - 88[0m
[0mGET / [32m200 [0m23.052 ms - 17976[0m
[0mGET /posts/destroy/5ed91c9e0e432e042c4cff5f [36m302 [0m11.795 ms - 88[0m
[0mGET / [32m200 [0m18.598 ms - 16733[0m
[0mGET /posts/destroy/5ecd1fc21b49980af6931167 [36m302 [0m19.031 ms - 88[0m
[0mGET / [32m200 [0m18.663 ms - 15488[0m
[0mGET /posts/destroy/5ecd1fc11b49980af6931166 [36m302 [0m6.668 ms - 88[0m
[0mGET / [32m200 [0m23.587 ms - 14243[0m
[0mGET /posts/destroy/5ecd1fc11b49980af6931165 [36m302 [0m5.972 ms - 88[0m
[0mGET / [32m200 [0m31.788 ms - 12998[0m
[0mGET /posts/destroy/5ecd1fc11b49980af6931163 [36m302 [0m12.255 ms - 88[0m
[0mGET / [32m200 [0m21.317 ms - 11753[0m
[0mGET /posts/destroy/5ecd1fc11b49980af6931162 [36m302 [0m13.175 ms - 88[0m
[0mGET / [32m200 [0m16.488 ms - 10508[0m
[0mGET /posts/destroy/5ecd1fc11b49980af6931161 [36m302 [0m10.491 ms - 88[0m
[0mGET / [32m200 [0m18.194 ms - 9263[0m
[0mGET /posts/destroy/5ecd1fc01b49980af6931160 [36m302 [0m10.111 ms - 88[0m
[0mGET / [32m200 [0m15.341 ms - 8018[0m
[0mGET /posts/destroy/5ecd1fc01b49980af693115f [36m302 [0m14.958 ms - 88[0m
[0mGET / [32m200 [0m12.875 ms - 6773[0m
[0mGET /posts/destroy/5ecd1fc01b49980af693115e [36m302 [0m8.991 ms - 88[0m
[0mGET / [32m200 [0m17.282 ms - 5528[0m
[0mGET /posts/destroy/5ecd1fc01b49980af693115d [36m302 [0m10.795 ms - 88[0m
[0mGET / [32m200 [0m12.325 ms - 4283[0m
[0mPOST /posts/create [32m200 [0m16.161 ms - 463[0m
[0mPOST /comments/create [0m- [0m- ms - -[0m
[0mPOST /posts/create [32m200 [0m7.377 ms - 463[0m
[0mPOST /posts/create [32m200 [0m7.824 ms - 463[0m
[0mPOST /posts/create [32m200 [0m5.629 ms - 463[0m
[0mPOST /comments/create [0m- [0m- ms - -[0m
[0mPOST /posts/create [32m200 [0m6.670 ms - 463[0m
[0mPOST /comments/create [0m- [0m- ms - -[0m
[0mGET /users/profile/5e79a4554d8c2102bd74ca9c [32m200 [0m12.352 ms - 2058[0m
[0mGET /users/profile/ [33m404 [0m8.022 ms - 153[0m
[0mGET /users/sign-out [36m302 [0m7.142 ms - 46[0m
[0mGET / [32m200 [0m13.907 ms - 6026[0m
[0mGET /users/profile/5e79a4554d8c2102bd74ca9c [36m302 [0m3.000 ms - 72[0m
[0mGET /users/sign-in [36m304 [0m3.480 ms - -[0m
[0mPOST /users/create-session [36m302 [0m7.583 ms - 46[0m
[0mGET / [32m200 [0m15.167 ms - 10484[0m
[0mGET /posts/destroy/5ed9e6aef121f40479b8c0fe [36m302 [0m8.196 ms - 88[0m
[0mGET / [32m200 [0m15.965 ms - 9255[0m
[0mGET /posts/destroy/5ed9e6dff121f40479b8c100 [36m302 [0m10.923 ms - 88[0m
[0mGET / [32m200 [0m16.564 ms - 8012[0m
[0mGET /posts/destroy/5ed9e6c6f121f40479b8c0ff [36m302 [0m11.001 ms - 88[0m
[0mGET / [32m200 [0m17.471 ms - 6769[0m
[0mGET /posts/destroy/5ed9e6e0f121f40479b8c101 [36m302 [0m6.356 ms - 88[0m
[0mGET / [32m200 [0m13.813 ms - 5526[0m
[0mPOST /comments/create [36m302 [0m40.321 ms - 46[0m
[0mGET / [32m200 [0m32.182 ms - 5975[0m
[0mPOST /comments/create [36m302 [0m17.072 ms - 46[0m
[0mGET / [32m200 [0m22.954 ms - 6440[0m
[0mGET / [32m200 [0m63.629 ms - 6195[0m
[0mGET / [32m200 [0m63.553 ms - 6164[0m
[0mGET / [36m304 [0m25.003 ms - -[0m
[0mGET / [36m304 [0m64.164 ms - -[0m
[0mGET / [36m304 [0m129.761 ms - -[0m
[0mGET / [36m304 [0m66.040 ms - -[0m
[0mGET / [36m304 [0m67.374 ms - -[0m
[0mGET / [36m304 [0m29.923 ms - -[0m
[0mGET / [36m304 [0m19.192 ms - -[0m
[0mGET / [36m304 [0m62.974 ms - -[0m
[0mGET / [36m304 [0m62.154 ms - -[0m
[0mGET / [36m304 [0m26.755 ms - -[0m
[0mGET / [32m200 [0m69.438 ms - 6137[0m
[0mGET / [32m200 [0m102.367 ms - 6120[0m
[0mGET / [36m304 [0m29.209 ms - -[0m
[0mGET / [32m200 [0m33.827 ms - 6083[0m
[0mGET / [32m200 [0m32.171 ms - 6064[0m
[0mGET / [36m304 [0m38.291 ms - -[0m
[0mGET / [36m304 [0m26.114 ms - -[0m
[0mGET / [36m304 [0m49.225 ms - -[0m
[0mGET / [36m304 [0m36.849 ms - -[0m
[0mGET / [36m304 [0m29.080 ms - -[0m
[0mGET / [36m304 [0m28.515 ms - -[0m
[0mGET / [36m304 [0m29.327 ms - -[0m
[0mGET / [36m304 [0m45.866 ms - -[0m
[0mGET / [32m200 [0m25.847 ms - 6050[0m
[0mGET / [36m304 [0m25.144 ms - -[0m
[0mGET / [36m304 [0m40.042 ms - -[0m
[0mGET / [36m304 [0m40.655 ms - -[0m
[0mGET / [36m304 [0m28.033 ms - -[0m
[0mGET / [36m304 [0m34.244 ms - -[0m
[0mGET / [32m200 [0m36.076 ms - 6076[0m
[0mGET / [32m200 [0m22.348 ms - 6075[0m
[0mGET / [32m200 [0m24.728 ms - 6069[0m
[0mGET / [32m200 [0m31.683 ms - 6077[0m
[0mGET / [32m200 [0m27.212 ms - 6077[0m
[0mGET / [36m304 [0m21.993 ms - -[0m
[0mGET / [32m200 [0m26.110 ms - 6076[0m
[0mGET / [32m200 [0m33.113 ms - 6076[0m
[0mGET / [32m200 [0m60.302 ms - 6077[0m
[0mGET / [32m200 [0m27.123 ms - 6078[0m
[0mGET / [32m200 [0m22.246 ms - 6078[0m
[0mGET / [32m200 [0m25.158 ms - 6078[0m
[0mGET / [32m200 [0m29.206 ms - 6105[0m
[0mGET / [32m200 [0m28.808 ms - 6104[0m
[0mGET / [32m200 [0m20.364 ms - 6078[0m
[0mGET / [32m200 [0m35.912 ms - 6090[0m
[0mGET / [32m200 [0m31.601 ms - 6130[0m
[0mGET /users/profile/ [33m404 [0m5.248 ms - 153[0m
[0mGET /users/sign-out [36m302 [0m12.102 ms - 46[0m
[0mGET / [32m200 [0m16.313 ms - 3989[0m
[0mGET / [32m200 [0m20.023 ms - 3718[0m
[0mGET /users/profile/5e79a4554d8c2102bd74ca9c [36m302 [0m11.123 ms - 72[0m
[0mGET /users/sign-in [32m200 [0m5.159 ms - 2737[0m
[0mGET / [36m304 [0m95.888 ms - -[0m
[0mGET /users/profile/5e79a4554d8c2102bd74ca9c [36m302 [0m12.378 ms - 72[0m
[0mGET /users/sign-in [36m304 [0m5.761 ms - -[0m
[0mGET /users/sign-up [32m200 [0m7.408 ms - 2938[0m
[0mGET / [32m200 [0m134.851 ms - 3718[0m
[0mGET / [32m200 [0m173.892 ms - 3718[0m
[0mGET /favicon.ico [33m404 [0m41.107 ms - 150[0m
[0mGET /users/profile/5e79a4554d8c2102bd74ca9c [36m302 [0m14.522 ms - 72[0m
[0mGET /users/sign-in [32m200 [0m9.119 ms - 2737[0m
[0mPOST /users/create-session [36m302 [0m28.098 ms - 46[0m
[0mGET / [32m200 [0m48.376 ms - 6404[0m
[0mGET /users/profile/5e79a4554d8c2102bd74ca9c [32m200 [0m23.099 ms - 1974[0m
[0mGET /users/profile/5e739de297d38702a49bbc90 [32m200 [0m11.449 ms - 1610[0m
[0mGET /users/profile/5e739d4897d38702a49bbc8e [32m200 [0m11.091 ms - 1610[0m
[0mGET / [32m200 [0m150.209 ms - 3720[0m
[0mGET /favicon.ico [33m404 [0m19.324 ms - 150[0m
[0mGET / [32m200 [0m30.667 ms - 3721[0m
[0mGET / [32m200 [0m30.535 ms - 3721[0m
[0mGET / [32m200 [0m26.717 ms - 3723[0m
[0mGET / [36m304 [0m31.238 ms - -[0m
[0mGET /users/profile/5e79a4554d8c2102bd74ca9c [36m302 [0m10.291 ms - 72[0m
[0mGET /users/sign-in [32m200 [0m5.431 ms - 2742[0m
[0mPOST /users/create-session [36m302 [0m28.048 ms - 46[0m
[0mGET / [32m200 [0m20.962 ms - 6406[0m
[0mGET /users/sign-out [36m302 [0m6.315 ms - 46[0m
[0mGET / [32m200 [0m17.332 ms - 3994[0m
[0mGET / [32m200 [0m36.468 ms - 3722[0m
[0mGET / [32m200 [0m29.152 ms - 3723[0m
[0mGET /users/profile/5e79a4554d8c2102bd74ca9c [36m302 [0m3.602 ms - 72[0m
[0mGET /users/sign-in [36m304 [0m4.950 ms - -[0m
[0mGET /users/sign-in [32m200 [0m11.529 ms - 2742[0m
[0mGET /users/sign-in [32m200 [0m6.711 ms - 2743[0m
[0mGET /users/sign-in [32m200 [0m10.042 ms - 2743[0m
[0mGET /users/sign-in [32m200 [0m9.805 ms - 2742[0m
[0mGET /users/sign-in [32m200 [0m4.633 ms - 2742[0m
[0mGET /users/sign-in [32m200 [0m9.703 ms - 2723[0m
[0mGET /users/sign-in [32m200 [0m7.770 ms - 2736[0m
[0mGET /users/sign-in [32m200 [0m7.985 ms - 2746[0m
[0mGET /users/sign-in [32m200 [0m13.270 ms - 2747[0m
[0mGET /users/sign-in [32m200 [0m11.207 ms - 2746[0m
[0mGET /users/sign-in [32m200 [0m11.058 ms - 2748[0m
[0mGET /users/sign-in [32m200 [0m11.589 ms - 2748[0m
[0mGET /users/sign-in [32m200 [0m12.040 ms - 2749[0m
[0mGET /users/sign-in [32m200 [0m8.044 ms - 2748[0m
[0mGET /users/sign-in [32m200 [0m13.185 ms - 2774[0m
[0mGET /users/sign-in [32m200 [0m4.915 ms - 2775[0m
[0mGET /users/sign-in [32m200 [0m10.414 ms - 2748[0m
[0mPOST /users/create-session [36m302 [0m6.356 ms - 46[0m
[0mGET / [32m200 [0m27.182 ms - 6406[0m
[0mGET /users/sign-out [36m302 [0m4.310 ms - 46[0m
[0mGET / [32m200 [0m13.516 ms - 3994[0m
[0mGET /users/profile/5e79a4554d8c2102bd74ca9c [36m302 [0m3.997 ms - 72[0m
[0mGET /users/sign-in [36m304 [0m6.032 ms - -[0m
[0mGET /users/sign-in [32m200 [0m9.704 ms - 2772[0m
[0mGET /users/sign-up [32m200 [0m4.906 ms - 2943[0m
[0mGET /users/sign-in [36m304 [0m4.551 ms - -[0m
[0mGET /users/sign-in [36m304 [0m6.457 ms - -[0m
[0mGET /users/sign-in [36m304 [0m8.603 ms - -[0m
[0mGET / [32m200 [0m138.994 ms - 3723[0m
[0mGET /favicon.ico [33m404 [0m31.400 ms - 150[0m
[0mGET /users/profile/5e79a4554d8c2102bd74ca9c [36m302 [0m10.505 ms - 72[0m
[0mGET /users/sign-in [32m200 [0m6.654 ms - 2772[0m
[0mPOST /users/create-session [36m302 [0m28.835 ms - 46[0m
[0mGET / [32m200 [0m24.824 ms - 6406[0m
::1 - - [15/Jun/2020:07:29:08 +0000] "GET /css/header.css HTTP/1.1" 404 153 "http://localhost:8000/" "Mozilla/5.0 (Macintosh; Intel Mac OS X 10_15_4) AppleWebKit/537.36 (KHTML, like Gecko) Chrome/83.0.4103.97 Safari/537.36"
::1 - - [15/Jun/2020:07:29:08 +0000] "GET /js/home_posts.js HTTP/1.1" 404 155 "http://localhost:8000/" "Mozilla/5.0 (Macintosh; Intel Mac OS X 10_15_4) AppleWebKit/537.36 (KHTML, like Gecko) Chrome/83.0.4103.97 Safari/537.36"
::1 - - [15/Jun/2020:07:29:08 +0000] "GET /css/home.css HTTP/1.1" 404 151 "http://localhost:8000/" "Mozilla/5.0 (Macintosh; Intel Mac OS X 10_15_4) AppleWebKit/537.36 (KHTML, like Gecko) Chrome/83.0.4103.97 Safari/537.36"
::1 - - [15/Jun/2020:07:29:08 +0000] "GET /css/layout.css HTTP/1.1" 404 153 "http://localhost:8000/" "Mozilla/5.0 (Macintosh; Intel Mac OS X 10_15_4) AppleWebKit/537.36 (KHTML, like Gecko) Chrome/83.0.4103.97 Safari/537.36"
::1 - - [15/Jun/2020:07:29:08 +0000] "GET /css/footer.css HTTP/1.1" 404 153 "http://localhost:8000/" "Mozilla/5.0 (Macintosh; Intel Mac OS X 10_15_4) AppleWebKit/537.36 (KHTML, like Gecko) Chrome/83.0.4103.97 Safari/537.36"
::1 - - [15/Jun/2020:07:29:09 +0000] "GET / HTTP/1.1" 200 2133 "-" "Mozilla/5.0 (Macintosh; Intel Mac OS X 10_15_4) AppleWebKit/537.36 (KHTML, like Gecko) Chrome/83.0.4103.97 Safari/537.36"
::1 - - [15/Jun/2020:07:29:09 +0000] "GET /js/chatengine.js HTTP/1.1" 404 155 "http://localhost:8000/" "Mozilla/5.0 (Macintosh; Intel Mac OS X 10_15_4) AppleWebKit/537.36 (KHTML, like Gecko) Chrome/83.0.4103.97 Safari/537.36"
::1 - - [15/Jun/2020:07:29:09 +0000] "GET /css/footer.css HTTP/1.1" 404 153 "http://localhost:8000/" "Mozilla/5.0 (Macintosh; Intel Mac OS X 10_15_4) AppleWebKit/537.36 (KHTML, like Gecko) Chrome/83.0.4103.97 Safari/537.36"
::1 - - [15/Jun/2020:07:29:09 +0000] "GET /js/home_posts.js HTTP/1.1" 404 155 "http://localhost:8000/" "Mozilla/5.0 (Macintosh; Intel Mac OS X 10_15_4) AppleWebKit/537.36 (KHTML, like Gecko) Chrome/83.0.4103.97 Safari/537.36"
::1 - - [15/Jun/2020:07:29:09 +0000] "GET /css/header.css HTTP/1.1" 404 153 "http://localhost:8000/" "Mozilla/5.0 (Macintosh; Intel Mac OS X 10_15_4) AppleWebKit/537.36 (KHTML, like Gecko) Chrome/83.0.4103.97 Safari/537.36"
::1 - - [15/Jun/2020:07:29:09 +0000] "GET /css/layout.css HTTP/1.1" 404 153 "http://localhost:8000/" "Mozilla/5.0 (Macintosh; Intel Mac OS X 10_15_4) AppleWebKit/537.36 (KHTML, like Gecko) Chrome/83.0.4103.97 Safari/537.36"
::1 - - [15/Jun/2020:07:29:09 +0000] "GET /css/home.css HTTP/1.1" 404 151 "http://localhost:8000/" "Mozilla/5.0 (Macintosh; Intel Mac OS X 10_15_4) AppleWebKit/537.36 (KHTML, like Gecko) Chrome/83.0.4103.97 Safari/537.36"
::1 - - [15/Jun/2020:07:29:09 +0000] "GET /js/chatengine.js HTTP/1.1" 404 155 "http://localhost:8000/" "Mozilla/5.0 (Macintosh; Intel Mac OS X 10_15_4) AppleWebKit/537.36 (KHTML, like Gecko) Chrome/83.0.4103.97 Safari/537.36"
::1 - - [15/Jun/2020:07:29:09 +0000] "GET /favicon.ico HTTP/1.1" 404 150 "http://localhost:8000/" "Mozilla/5.0 (Macintosh; Intel Mac OS X 10_15_4) AppleWebKit/537.36 (KHTML, like Gecko) Chrome/83.0.4103.97 Safari/537.36"
::1 - - [15/Jun/2020:07:29:22 +0000] "GET /users/sign-in HTTP/1.1" 304 - "http://localhost:8000/" "Mozilla/5.0 (Macintosh; Intel Mac OS X 10_15_4) AppleWebKit/537.36 (KHTML, like Gecko) Chrome/83.0.4103.97 Safari/537.36"
::1 - - [15/Jun/2020:07:29:22 +0000] "GET /css/layout.css HTTP/1.1" 404 153 "http://localhost:8000/users/sign-in" "Mozilla/5.0 (Macintosh; Intel Mac OS X 10_15_4) AppleWebKit/537.36 (KHTML, like Gecko) Chrome/83.0.4103.97 Safari/537.36"
::1 - - [15/Jun/2020:07:29:22 +0000] "GET /css/header.css HTTP/1.1" 404 153 "http://localhost:8000/users/sign-in" "Mozilla/5.0 (Macintosh; Intel Mac OS X 10_15_4) AppleWebKit/537.36 (KHTML, like Gecko) Chrome/83.0.4103.97 Safari/537.36"
::1 - - [15/Jun/2020:07:29:22 +0000] "GET /css/footer.css HTTP/1.1" 404 153 "http://localhost:8000/users/sign-in" "Mozilla/5.0 (Macintosh; Intel Mac OS X 10_15_4) AppleWebKit/537.36 (KHTML, like Gecko) Chrome/83.0.4103.97 Safari/537.36"
::1 - - [15/Jun/2020:07:29:29 +0000] "GET /users/sign-up HTTP/1.1" 200 3130 "http://localhost:8000/users/sign-in" "Mozilla/5.0 (Macintosh; Intel Mac OS X 10_15_4) AppleWebKit/537.36 (KHTML, like Gecko) Chrome/83.0.4103.97 Safari/537.36"
::1 - - [15/Jun/2020:07:29:29 +0000] "GET /css/layout.css HTTP/1.1" 404 153 "http://localhost:8000/users/sign-up" "Mozilla/5.0 (Macintosh; Intel Mac OS X 10_15_4) AppleWebKit/537.36 (KHTML, like Gecko) Chrome/83.0.4103.97 Safari/537.36"
::1 - - [15/Jun/2020:07:29:29 +0000] "GET /css/header.css HTTP/1.1" 404 153 "http://localhost:8000/users/sign-up" "Mozilla/5.0 (Macintosh; Intel Mac OS X 10_15_4) AppleWebKit/537.36 (KHTML, like Gecko) Chrome/83.0.4103.97 Safari/537.36"
::1 - - [15/Jun/2020:07:29:29 +0000] "GET /css/footer.css HTTP/1.1" 404 153 "http://localhost:8000/users/sign-up" "Mozilla/5.0 (Macintosh; Intel Mac OS X 10_15_4) AppleWebKit/537.36 (KHTML, like Gecko) Chrome/83.0.4103.97 Safari/537.36"
::1 - - [15/Jun/2020:07:29:35 +0000] "GET /users/auth/github HTTP/1.1" 500 2186 "http://localhost:8000/users/sign-up" "Mozilla/5.0 (Macintosh; Intel Mac OS X 10_15_4) AppleWebKit/537.36 (KHTML, like Gecko) Chrome/83.0.4103.97 Safari/537.36"
::1 - - [15/Jun/2020:07:31:27 +0000] "GET /users/auth/github HTTP/1.1" 500 2186 "http://localhost:8000/users/sign-up" "Mozilla/5.0 (Macintosh; Intel Mac OS X 10_15_4) AppleWebKit/537.36 (KHTML, like Gecko) Chrome/83.0.4103.97 Safari/537.36"
::1 - - [15/Jun/2020:07:31:29 +0000] "GET /users/auth/github HTTP/1.1" 500 2186 "http://localhost:8000/users/sign-up" "Mozilla/5.0 (Macintosh; Intel Mac OS X 10_15_4) AppleWebKit/537.36 (KHTML, like Gecko) Chrome/83.0.4103.97 Safari/537.36"
::1 - - [15/Jun/2020:07:31:30 +0000] "GET /users/auth/github HTTP/1.1" 500 2186 "http://localhost:8000/users/sign-up" "Mozilla/5.0 (Macintosh; Intel Mac OS X 10_15_4) AppleWebKit/537.36 (KHTML, like Gecko) Chrome/83.0.4103.97 Safari/537.36"
::1 - - [15/Jun/2020:07:34:18 +0000] "GET /users/auth/github HTTP/1.1" 302 0 "http://localhost:8000/users/sign-up" "Mozilla/5.0 (Macintosh; Intel Mac OS X 10_15_4) AppleWebKit/537.36 (KHTML, like Gecko) Chrome/83.0.4103.97 Safari/537.36"
::1 - - [15/Jun/2020:07:36:04 +0000] "GET /css/layout.css HTTP/1.1" 404 153 "http://localhost:8000/users/sign-up" "Mozilla/5.0 (Macintosh; Intel Mac OS X 10_15_4) AppleWebKit/537.36 (KHTML, like Gecko) Chrome/83.0.4103.97 Safari/537.36"
::1 - - [15/Jun/2020:07:36:04 +0000] "GET /css/footer.css HTTP/1.1" 404 153 "http://localhost:8000/users/sign-up" "Mozilla/5.0 (Macintosh; Intel Mac OS X 10_15_4) AppleWebKit/537.36 (KHTML, like Gecko) Chrome/83.0.4103.97 Safari/537.36"
::1 - - [15/Jun/2020:07:36:04 +0000] "GET /css/header.css HTTP/1.1" 404 153 "http://localhost:8000/users/sign-up" "Mozilla/5.0 (Macintosh; Intel Mac OS X 10_15_4) AppleWebKit/537.36 (KHTML, like Gecko) Chrome/83.0.4103.97 Safari/537.36"
::1 - - [15/Jun/2020:07:36:17 +0000] "GET /users/auth/google HTTP/1.1" 302 0 "http://localhost:8000/users/sign-up" "Mozilla/5.0 (Macintosh; Intel Mac OS X 10_15_4) AppleWebKit/537.36 (KHTML, like Gecko) Chrome/83.0.4103.97 Safari/537.36"
::1 - - [15/Jun/2020:07:38:32 +0000] "GET / HTTP/1.1" 304 - "-" "Mozilla/5.0 (Macintosh; Intel Mac OS X 10_15_4) AppleWebKit/537.36 (KHTML, like Gecko) Chrome/83.0.4103.97 Safari/537.36"
::1 - - [15/Jun/2020:07:38:33 +0000] "GET /css/layout.css HTTP/1.1" 404 153 "http://localhost:8000/" "Mozilla/5.0 (Macintosh; Intel Mac OS X 10_15_4) AppleWebKit/537.36 (KHTML, like Gecko) Chrome/83.0.4103.97 Safari/537.36"
::1 - - [15/Jun/2020:07:38:33 +0000] "GET /css/header.css HTTP/1.1" 404 153 "http://localhost:8000/" "Mozilla/5.0 (Macintosh; Intel Mac OS X 10_15_4) AppleWebKit/537.36 (KHTML, like Gecko) Chrome/83.0.4103.97 Safari/537.36"
::1 - - [15/Jun/2020:07:38:33 +0000] "GET /css/footer.css HTTP/1.1" 404 153 "http://localhost:8000/" "Mozilla/5.0 (Macintosh; Intel Mac OS X 10_15_4) AppleWebKit/537.36 (KHTML, like Gecko) Chrome/83.0.4103.97 Safari/537.36"
::1 - - [15/Jun/2020:07:38:33 +0000] "GET /css/home.css HTTP/1.1" 404 151 "http://localhost:8000/" "Mozilla/5.0 (Macintosh; Intel Mac OS X 10_15_4) AppleWebKit/537.36 (KHTML, like Gecko) Chrome/83.0.4103.97 Safari/537.36"
::1 - - [15/Jun/2020:07:38:33 +0000] "GET /js/home_posts.js HTTP/1.1" 404 155 "http://localhost:8000/" "Mozilla/5.0 (Macintosh; Intel Mac OS X 10_15_4) AppleWebKit/537.36 (KHTML, like Gecko) Chrome/83.0.4103.97 Safari/537.36"
::1 - - [15/Jun/2020:07:38:33 +0000] "GET /js/chatengine.js HTTP/1.1" 404 155 "http://localhost:8000/" "Mozilla/5.0 (Macintosh; Intel Mac OS X 10_15_4) AppleWebKit/537.36 (KHTML, like Gecko) Chrome/83.0.4103.97 Safari/537.36"
::1 - - [15/Jun/2020:07:38:39 +0000] "GET /users/sign-up HTTP/1.1" 304 - "http://localhost:8000/" "Mozilla/5.0 (Macintosh; Intel Mac OS X 10_15_4) AppleWebKit/537.36 (KHTML, like Gecko) Chrome/83.0.4103.97 Safari/537.36"
::1 - - [15/Jun/2020:07:38:39 +0000] "GET /css/layout.css HTTP/1.1" 404 153 "http://localhost:8000/users/sign-up" "Mozilla/5.0 (Macintosh; Intel Mac OS X 10_15_4) AppleWebKit/537.36 (KHTML, like Gecko) Chrome/83.0.4103.97 Safari/537.36"
::1 - - [15/Jun/2020:07:38:39 +0000] "GET /css/header.css HTTP/1.1" 404 153 "http://localhost:8000/users/sign-up" "Mozilla/5.0 (Macintosh; Intel Mac OS X 10_15_4) AppleWebKit/537.36 (KHTML, like Gecko) Chrome/83.0.4103.97 Safari/537.36"
::1 - - [15/Jun/2020:07:38:39 +0000] "GET /css/footer.css HTTP/1.1" 404 153 "http://localhost:8000/users/sign-up" "Mozilla/5.0 (Macintosh; Intel Mac OS X 10_15_4) AppleWebKit/537.36 (KHTML, like Gecko) Chrome/83.0.4103.97 Safari/537.36"
::1 - - [15/Jun/2020:07:38:41 +0000] "GET /users/auth/github HTTP/1.1" 404 156 "http://localhost:8000/users/sign-up" "Mozilla/5.0 (Macintosh; Intel Mac OS X 10_15_4) AppleWebKit/537.36 (KHTML, like Gecko) Chrome/83.0.4103.97 Safari/537.36"
::1 - - [15/Jun/2020:07:38:45 +0000] "GET /css/layout.css HTTP/1.1" 404 153 "http://localhost:8000/users/sign-up" "Mozilla/5.0 (Macintosh; Intel Mac OS X 10_15_4) AppleWebKit/537.36 (KHTML, like Gecko) Chrome/83.0.4103.97 Safari/537.36"
::1 - - [15/Jun/2020:07:38:45 +0000] "GET /css/header.css HTTP/1.1" 404 153 "http://localhost:8000/users/sign-up" "Mozilla/5.0 (Macintosh; Intel Mac OS X 10_15_4) AppleWebKit/537.36 (KHTML, like Gecko) Chrome/83.0.4103.97 Safari/537.36"
::1 - - [15/Jun/2020:07:38:45 +0000] "GET /css/footer.css HTTP/1.1" 404 153 "http://localhost:8000/users/sign-up" "Mozilla/5.0 (Macintosh; Intel Mac OS X 10_15_4) AppleWebKit/537.36 (KHTML, like Gecko) Chrome/83.0.4103.97 Safari/537.36"
::1 - - [15/Jun/2020:07:38:45 +0000] "GET /css/layout.css HTTP/1.1" 404 153 "http://localhost:8000/users/sign-up" "Mozilla/5.0 (Macintosh; Intel Mac OS X 10_15_4) AppleWebKit/537.36 (KHTML, like Gecko) Chrome/83.0.4103.97 Safari/537.36"
::1 - - [15/Jun/2020:07:38:45 +0000] "GET /css/header.css HTTP/1.1" 404 153 "http://localhost:8000/users/sign-up" "Mozilla/5.0 (Macintosh; Intel Mac OS X 10_15_4) AppleWebKit/537.36 (KHTML, like Gecko) Chrome/83.0.4103.97 Safari/537.36"
::1 - - [15/Jun/2020:07:38:45 +0000] "GET /css/footer.css HTTP/1.1" 404 153 "http://localhost:8000/users/sign-up" "Mozilla/5.0 (Macintosh; Intel Mac OS X 10_15_4) AppleWebKit/537.36 (KHTML, like Gecko) Chrome/83.0.4103.97 Safari/537.36"
::1 - - [15/Jun/2020:07:38:47 +0000] "GET /users/auth/google HTTP/1.1" 302 0 "http://localhost:8000/users/sign-up" "Mozilla/5.0 (Macintosh; Intel Mac OS X 10_15_4) AppleWebKit/537.36 (KHTML, like Gecko) Chrome/83.0.4103.97 Safari/537.36"
::1 - - [15/Jun/2020:07:38:50 +0000] "GET /css/footer.css HTTP/1.1" 404 153 "http://localhost:8000/users/sign-up" "Mozilla/5.0 (Macintosh; Intel Mac OS X 10_15_4) AppleWebKit/537.36 (KHTML, like Gecko) Chrome/83.0.4103.97 Safari/537.36"
::1 - - [15/Jun/2020:07:38:50 +0000] "GET /css/layout.css HTTP/1.1" 404 153 "http://localhost:8000/users/sign-up" "Mozilla/5.0 (Macintosh; Intel Mac OS X 10_15_4) AppleWebKit/537.36 (KHTML, like Gecko) Chrome/83.0.4103.97 Safari/537.36"
::1 - - [15/Jun/2020:07:40:46 +0000] "GET /users/sign-up HTTP/1.1" 304 - "http://localhost:8000/" "Mozilla/5.0 (Macintosh; Intel Mac OS X 10_15_4) AppleWebKit/537.36 (KHTML, like Gecko) Chrome/83.0.4103.97 Safari/537.36"
::1 - - [15/Jun/2020:07:40:46 +0000] "GET /css/layout.css HTTP/1.1" 404 153 "http://localhost:8000/users/sign-up" "Mozilla/5.0 (Macintosh; Intel Mac OS X 10_15_4) AppleWebKit/537.36 (KHTML, like Gecko) Chrome/83.0.4103.97 Safari/537.36"
::1 - - [15/Jun/2020:07:40:46 +0000] "GET /css/header.css HTTP/1.1" 404 153 "http://localhost:8000/users/sign-up" "Mozilla/5.0 (Macintosh; Intel Mac OS X 10_15_4) AppleWebKit/537.36 (KHTML, like Gecko) Chrome/83.0.4103.97 Safari/537.36"
::1 - - [15/Jun/2020:07:40:46 +0000] "GET /css/footer.css HTTP/1.1" 404 153 "http://localhost:8000/users/sign-up" "Mozilla/5.0 (Macintosh; Intel Mac OS X 10_15_4) AppleWebKit/537.36 (KHTML, like Gecko) Chrome/83.0.4103.97 Safari/537.36"
::1 - - [15/Jun/2020:07:40:46 +0000] "GET /css/layout.css HTTP/1.1" 404 153 "http://localhost:8000/users/sign-up" "Mozilla/5.0 (Macintosh; Intel Mac OS X 10_15_4) AppleWebKit/537.36 (KHTML, like Gecko) Chrome/83.0.4103.97 Safari/537.36"
::1 - - [15/Jun/2020:07:40:46 +0000] "GET /css/header.css HTTP/1.1" 404 153 "http://localhost:8000/users/sign-up" "Mozilla/5.0 (Macintosh; Intel Mac OS X 10_15_4) AppleWebKit/537.36 (KHTML, like Gecko) Chrome/83.0.4103.97 Safari/537.36"
::1 - - [15/Jun/2020:07:41:07 +0000] "GET /users/sign-in HTTP/1.1" 304 - "http://localhost:8000/users/sign-up" "Mozilla/5.0 (Macintosh; Intel Mac OS X 10_15_4) AppleWebKit/537.36 (KHTML, like Gecko) Chrome/83.0.4103.97 Safari/537.36"
::1 - - [15/Jun/2020:07:41:08 +0000] "GET /css/layout.css HTTP/1.1" 404 153 "http://localhost:8000/users/sign-in" "Mozilla/5.0 (Macintosh; Intel Mac OS X 10_15_4) AppleWebKit/537.36 (KHTML, like Gecko) Chrome/83.0.4103.97 Safari/537.36"
::1 - - [15/Jun/2020:07:41:08 +0000] "GET /css/header.css HTTP/1.1" 404 153 "http://localhost:8000/users/sign-in" "Mozilla/5.0 (Macintosh; Intel Mac OS X 10_15_4) AppleWebKit/537.36 (KHTML, like Gecko) Chrome/83.0.4103.97 Safari/537.36"
::1 - - [15/Jun/2020:07:41:08 +0000] "GET /css/footer.css HTTP/1.1" 404 153 "http://localhost:8000/users/sign-in" "Mozilla/5.0 (Macintosh; Intel Mac OS X 10_15_4) AppleWebKit/537.36 (KHTML, like Gecko) Chrome/83.0.4103.97 Safari/537.36"
::1 - - [15/Jun/2020:07:41:14 +0000] "POST /users/create-session HTTP/1.1" 302 72 "http://localhost:8000/users/sign-in" "Mozilla/5.0 (Macintosh; Intel Mac OS X 10_15_4) AppleWebKit/537.36 (KHTML, like Gecko) Chrome/83.0.4103.97 Safari/537.36"
::1 - - [15/Jun/2020:07:41:14 +0000] "GET /users/sign-in HTTP/1.1" 200 3047 "http://localhost:8000/users/sign-in" "Mozilla/5.0 (Macintosh; Intel Mac OS X 10_15_4) AppleWebKit/537.36 (KHTML, like Gecko) Chrome/83.0.4103.97 Safari/537.36"
::1 - - [15/Jun/2020:07:41:14 +0000] "GET /css/layout.css HTTP/1.1" 404 153 "http://localhost:8000/users/sign-in" "Mozilla/5.0 (Macintosh; Intel Mac OS X 10_15_4) AppleWebKit/537.36 (KHTML, like Gecko) Chrome/83.0.4103.97 Safari/537.36"
::1 - - [15/Jun/2020:07:41:14 +0000] "GET /css/footer.css HTTP/1.1" 404 153 "http://localhost:8000/users/sign-in" "Mozilla/5.0 (Macintosh; Intel Mac OS X 10_15_4) AppleWebKit/537.36 (KHTML, like Gecko) Chrome/83.0.4103.97 Safari/537.36"
::1 - - [15/Jun/2020:07:41:14 +0000] "GET /css/header.css HTTP/1.1" 404 153 "http://localhost:8000/users/sign-in" "Mozilla/5.0 (Macintosh; Intel Mac OS X 10_15_4) AppleWebKit/537.36 (KHTML, like Gecko) Chrome/83.0.4103.97 Safari/537.36"
::1 - - [15/Jun/2020:07:41:20 +0000] "POST /users/create-session HTTP/1.1" 302 72 "http://localhost:8000/users/sign-in" "Mozilla/5.0 (Macintosh; Intel Mac OS X 10_15_4) AppleWebKit/537.36 (KHTML, like Gecko) Chrome/83.0.4103.97 Safari/537.36"
::1 - - [15/Jun/2020:07:41:20 +0000] "GET /users/sign-in HTTP/1.1" 304 - "http://localhost:8000/users/sign-in" "Mozilla/5.0 (Macintosh; Intel Mac OS X 10_15_4) AppleWebKit/537.36 (KHTML, like Gecko) Chrome/83.0.4103.97 Safari/537.36"
::1 - - [15/Jun/2020:07:41:20 +0000] "GET /css/layout.css HTTP/1.1" 404 153 "http://localhost:8000/users/sign-in" "Mozilla/5.0 (Macintosh; Intel Mac OS X 10_15_4) AppleWebKit/537.36 (KHTML, like Gecko) Chrome/83.0.4103.97 Safari/537.36"
::1 - - [15/Jun/2020:07:41:20 +0000] "GET /css/header.css HTTP/1.1" 404 153 "http://localhost:8000/users/sign-in" "Mozilla/5.0 (Macintosh; Intel Mac OS X 10_15_4) AppleWebKit/537.36 (KHTML, like Gecko) Chrome/83.0.4103.97 Safari/537.36"
::1 - - [15/Jun/2020:07:41:20 +0000] "GET /css/footer.css HTTP/1.1" 404 153 "http://localhost:8000/users/sign-in" "Mozilla/5.0 (Macintosh; Intel Mac OS X 10_15_4) AppleWebKit/537.36 (KHTML, like Gecko) Chrome/83.0.4103.97 Safari/537.36"
::1 - - [15/Jun/2020:07:41:27 +0000] "POST /users/create-session HTTP/1.1" 302 72 "http://localhost:8000/users/sign-in" "Mozilla/5.0 (Macintosh; Intel Mac OS X 10_15_4) AppleWebKit/537.36 (KHTML, like Gecko) Chrome/83.0.4103.97 Safari/537.36"
::1 - - [15/Jun/2020:07:41:27 +0000] "GET /users/sign-in HTTP/1.1" 304 - "http://localhost:8000/users/sign-in" "Mozilla/5.0 (Macintosh; Intel Mac OS X 10_15_4) AppleWebKit/537.36 (KHTML, like Gecko) Chrome/83.0.4103.97 Safari/537.36"
::1 - - [15/Jun/2020:07:41:27 +0000] "GET /css/layout.css HTTP/1.1" 404 153 "http://localhost:8000/users/sign-in" "Mozilla/5.0 (Macintosh; Intel Mac OS X 10_15_4) AppleWebKit/537.36 (KHTML, like Gecko) Chrome/83.0.4103.97 Safari/537.36"
::1 - - [15/Jun/2020:07:41:27 +0000] "GET /css/footer.css HTTP/1.1" 404 153 "http://localhost:8000/users/sign-in" "Mozilla/5.0 (Macintosh; Intel Mac OS X 10_15_4) AppleWebKit/537.36 (KHTML, like Gecko) Chrome/83.0.4103.97 Safari/537.36"
::1 - - [15/Jun/2020:07:41:27 +0000] "GET /css/header.css HTTP/1.1" 404 153 "http://localhost:8000/users/sign-in" "Mozilla/5.0 (Macintosh; Intel Mac OS X 10_15_4) AppleWebKit/537.36 (KHTML, like Gecko) Chrome/83.0.4103.97 Safari/537.36"
::1 - - [15/Jun/2020:07:41:38 +0000] "POST /users/create-session HTTP/1.1" 302 72 "http://localhost:8000/users/sign-in" "Mozilla/5.0 (Macintosh; Intel Mac OS X 10_15_4) AppleWebKit/537.36 (KHTML, like Gecko) Chrome/83.0.4103.97 Safari/537.36"
::1 - - [15/Jun/2020:07:41:38 +0000] "GET /users/sign-in HTTP/1.1" 304 - "http://localhost:8000/users/sign-in" "Mozilla/5.0 (Macintosh; Intel Mac OS X 10_15_4) AppleWebKit/537.36 (KHTML, like Gecko) Chrome/83.0.4103.97 Safari/537.36"
::1 - - [15/Jun/2020:07:41:38 +0000] "GET /css/header.css HTTP/1.1" 404 153 "http://localhost:8000/users/sign-in" "Mozilla/5.0 (Macintosh; Intel Mac OS X 10_15_4) AppleWebKit/537.36 (KHTML, like Gecko) Chrome/83.0.4103.97 Safari/537.36"
::1 - - [15/Jun/2020:07:41:38 +0000] "GET /css/layout.css HTTP/1.1" 404 153 "http://localhost:8000/users/sign-in" "Mozilla/5.0 (Macintosh; Intel Mac OS X 10_15_4) AppleWebKit/537.36 (KHTML, like Gecko) Chrome/83.0.4103.97 Safari/537.36"
::1 - - [15/Jun/2020:07:41:38 +0000] "GET /css/footer.css HTTP/1.1" 404 153 "http://localhost:8000/users/sign-in" "Mozilla/5.0 (Macintosh; Intel Mac OS X 10_15_4) AppleWebKit/537.36 (KHTML, like Gecko) Chrome/83.0.4103.97 Safari/537.36"
::1 - - [15/Jun/2020:07:41:40 +0000] "GET /users/auth/google HTTP/1.1" 302 0 "http://localhost:8000/users/sign-in" "Mozilla/5.0 (Macintosh; Intel Mac OS X 10_15_4) AppleWebKit/537.36 (KHTML, like Gecko) Chrome/83.0.4103.97 Safari/537.36"
::1 - - [15/Jun/2020:07:41:47 +0000] "GET /css/layout.css HTTP/1.1" 404 153 "http://localhost:8000/users/sign-in" "Mozilla/5.0 (Macintosh; Intel Mac OS X 10_15_4) AppleWebKit/537.36 (KHTML, like Gecko) Chrome/83.0.4103.97 Safari/537.36"
::1 - - [15/Jun/2020:07:41:47 +0000] "GET /css/header.css HTTP/1.1" 404 153 "http://localhost:8000/users/sign-in" "Mozilla/5.0 (Macintosh; Intel Mac OS X 10_15_4) AppleWebKit/537.36 (KHTML, like Gecko) Chrome/83.0.4103.97 Safari/537.36"
::1 - - [15/Jun/2020:07:41:47 +0000] "GET /css/footer.css HTTP/1.1" 404 153 "http://localhost:8000/users/sign-in" "Mozilla/5.0 (Macintosh; Intel Mac OS X 10_15_4) AppleWebKit/537.36 (KHTML, like Gecko) Chrome/83.0.4103.97 Safari/537.36"
::1 - - [15/Jun/2020:07:41:52 +0000] "POST /users/create-session HTTP/1.1" 302 72 "http://localhost:8000/users/sign-in" "Mozilla/5.0 (Macintosh; Intel Mac OS X 10_15_4) AppleWebKit/537.36 (KHTML, like Gecko) Chrome/83.0.4103.97 Safari/537.36"
::1 - - [15/Jun/2020:07:41:52 +0000] "GET /users/sign-in HTTP/1.1" 304 - "http://localhost:8000/users/sign-in" "Mozilla/5.0 (Macintosh; Intel Mac OS X 10_15_4) AppleWebKit/537.36 (KHTML, like Gecko) Chrome/83.0.4103.97 Safari/537.36"
::1 - - [15/Jun/2020:07:41:52 +0000] "GET /css/layout.css HTTP/1.1" 404 153 "http://localhost:8000/users/sign-in" "Mozilla/5.0 (Macintosh; Intel Mac OS X 10_15_4) AppleWebKit/537.36 (KHTML, like Gecko) Chrome/83.0.4103.97 Safari/537.36"
::1 - - [15/Jun/2020:07:41:52 +0000] "GET /css/footer.css HTTP/1.1" 404 153 "http://localhost:8000/users/sign-in" "Mozilla/5.0 (Macintosh; Intel Mac OS X 10_15_4) AppleWebKit/537.36 (KHTML, like Gecko) Chrome/83.0.4103.97 Safari/537.36"
::1 - - [15/Jun/2020:07:41:52 +0000] "GET /css/header.css HTTP/1.1" 404 153 "http://localhost:8000/users/sign-in" "Mozilla/5.0 (Macintosh; Intel Mac OS X 10_15_4) AppleWebKit/537.36 (KHTML, like Gecko) Chrome/83.0.4103.97 Safari/537.36"
::1 - - [15/Jun/2020:07:41:58 +0000] "GET /users/sign-up HTTP/1.1" 304 - "http://localhost:8000/users/sign-in" "Mozilla/5.0 (Macintosh; Intel Mac OS X 10_15_4) AppleWebKit/537.36 (KHTML, like Gecko) Chrome/83.0.4103.97 Safari/537.36"
::1 - - [15/Jun/2020:07:41:58 +0000] "GET /css/layout.css HTTP/1.1" 404 153 "http://localhost:8000/users/sign-up" "Mozilla/5.0 (Macintosh; Intel Mac OS X 10_15_4) AppleWebKit/537.36 (KHTML, like Gecko) Chrome/83.0.4103.97 Safari/537.36"
::1 - - [15/Jun/2020:07:41:58 +0000] "GET /css/header.css HTTP/1.1" 404 153 "http://localhost:8000/users/sign-up" "Mozilla/5.0 (Macintosh; Intel Mac OS X 10_15_4) AppleWebKit/537.36 (KHTML, like Gecko) Chrome/83.0.4103.97 Safari/537.36"
::1 - - [15/Jun/2020:07:41:58 +0000] "GET /css/footer.css HTTP/1.1" 404 153 "http://localhost:8000/users/sign-up" "Mozilla/5.0 (Macintosh; Intel Mac OS X 10_15_4) AppleWebKit/537.36 (KHTML, like Gecko) Chrome/83.0.4103.97 Safari/537.36"
::1 - - [15/Jun/2020:07:42:05 +0000] "POST /users/create HTTP/1.1" 302 72 "http://localhost:8000/users/sign-up" "Mozilla/5.0 (Macintosh; Intel Mac OS X 10_15_4) AppleWebKit/537.36 (KHTML, like Gecko) Chrome/83.0.4103.97 Safari/537.36"
::1 - - [15/Jun/2020:07:42:05 +0000] "GET /users/sign-in HTTP/1.1" 200 2772 "http://localhost:8000/users/sign-up" "Mozilla/5.0 (Macintosh; Intel Mac OS X 10_15_4) AppleWebKit/537.36 (KHTML, like Gecko) Chrome/83.0.4103.97 Safari/537.36"
::1 - - [15/Jun/2020:07:42:05 +0000] "GET /css/layout.css HTTP/1.1" 404 153 "http://localhost:8000/users/sign-in" "Mozilla/5.0 (Macintosh; Intel Mac OS X 10_15_4) AppleWebKit/537.36 (KHTML, like Gecko) Chrome/83.0.4103.97 Safari/537.36"
::1 - - [15/Jun/2020:07:42:05 +0000] "GET /css/header.css HTTP/1.1" 404 153 "http://localhost:8000/users/sign-in" "Mozilla/5.0 (Macintosh; Intel Mac OS X 10_15_4) AppleWebKit/537.36 (KHTML, like Gecko) Chrome/83.0.4103.97 Safari/537.36"
::1 - - [15/Jun/2020:07:42:05 +0000] "GET /css/footer.css HTTP/1.1" 404 153 "http://localhost:8000/users/sign-in" "Mozilla/5.0 (Macintosh; Intel Mac OS X 10_15_4) AppleWebKit/537.36 (KHTML, like Gecko) Chrome/83.0.4103.97 Safari/537.36"
::1 - - [15/Jun/2020:07:42:09 +0000] "POST /users/create-session HTTP/1.1" 302 46 "http://localhost:8000/users/sign-in" "Mozilla/5.0 (Macintosh; Intel Mac OS X 10_15_4) AppleWebKit/537.36 (KHTML, like Gecko) Chrome/83.0.4103.97 Safari/537.36"
::1 - - [15/Jun/2020:07:42:10 +0000] "GET / HTTP/1.1" 200 3827 "http://localhost:8000/users/sign-in" "Mozilla/5.0 (Macintosh; Intel Mac OS X 10_15_4) AppleWebKit/537.36 (KHTML, like Gecko) Chrome/83.0.4103.97 Safari/537.36"
::1 - - [15/Jun/2020:07:42:10 +0000] "GET /css/layout.css HTTP/1.1" 404 153 "http://localhost:8000/" "Mozilla/5.0 (Macintosh; Intel Mac OS X 10_15_4) AppleWebKit/537.36 (KHTML, like Gecko) Chrome/83.0.4103.97 Safari/537.36"
::1 - - [15/Jun/2020:07:42:10 +0000] "GET /css/footer.css HTTP/1.1" 404 153 "http://localhost:8000/" "Mozilla/5.0 (Macintosh; Intel Mac OS X 10_15_4) AppleWebKit/537.36 (KHTML, like Gecko) Chrome/83.0.4103.97 Safari/537.36"
::1 - - [15/Jun/2020:07:42:10 +0000] "GET /css/header.css HTTP/1.1" 404 153 "http://localhost:8000/" "Mozilla/5.0 (Macintosh; Intel Mac OS X 10_15_4) AppleWebKit/537.36 (KHTML, like Gecko) Chrome/83.0.4103.97 Safari/537.36"
::1 - - [15/Jun/2020:07:42:10 +0000] "GET /js/chatengine.js HTTP/1.1" 404 155 "http://localhost:8000/" "Mozilla/5.0 (Macintosh; Intel Mac OS X 10_15_4) AppleWebKit/537.36 (KHTML, like Gecko) Chrome/83.0.4103.97 Safari/537.36"
::1 - - [15/Jun/2020:07:42:10 +0000] "GET /css/home.css HTTP/1.1" 404 151 "http://localhost:8000/" "Mozilla/5.0 (Macintosh; Intel Mac OS X 10_15_4) AppleWebKit/537.36 (KHTML, like Gecko) Chrome/83.0.4103.97 Safari/537.36"
::1 - - [15/Jun/2020:07:42:10 +0000] "GET /js/home_posts.js HTTP/1.1" 404 155 "http://localhost:8000/" "Mozilla/5.0 (Macintosh; Intel Mac OS X 10_15_4) AppleWebKit/537.36 (KHTML, like Gecko) Chrome/83.0.4103.97 Safari/537.36"
::1 - - [15/Jun/2020:07:42:10 +0000] "GET /js/chatengine.js HTTP/1.1" 404 155 "http://localhost:8000/" "Mozilla/5.0 (Macintosh; Intel Mac OS X 10_15_4) AppleWebKit/537.36 (KHTML, like Gecko) Chrome/83.0.4103.97 Safari/537.36"
[0mGET / [32m200 [0m126.533 ms - 3723[0m
[0mGET /users/profile/5e79a4554d8c2102bd74ca9c [36m302 [0m14.239 ms - 72[0m
[0mGET /users/sign-in [36m304 [0m5.610 ms - -[0m
[0mGET /users/auth/google [36m302 [0m7.047 ms - 0[0m
[0mGET /users/auth/google/callback?code=4%2F0wE_n-EwrYElDUL6AEKSqwk53NvpvH-AVMVN4WdFHgmhpLBcizBoeiBvr3d3miqtJezMMvjIejT7M866YMTOUTw&scope=email+profile+https%3A%2F%2Fwww.googleapis.com%2Fauth%2Fuserinfo.profile+https%3A%2F%2Fwww.googleapis.com%2Fauth%2Fuserinfo.email+openid&authuser=0&prompt=consent [36m302 [0m1221.199 ms - 46[0m
[0mGET / [32m200 [0m24.076 ms - 5636[0m
[0mGET /users/sign-out [36m302 [0m9.867 ms - 46[0m
[0mGET / [32m200 [0m15.030 ms - 3994[0m
[0mGET /users/profile/5e739de297d38702a49bbc90 [36m302 [0m3.132 ms - 72[0m
[0mGET /users/sign-in [36m304 [0m4.999 ms - -[0m
[0mGET / [32m200 [0m151.236 ms - 3723[0m
[0mGET /favicon.ico [33m404 [0m17.186 ms - 150[0m
[0mGET /users/sign-up [32m200 [0m7.749 ms - 3130[0m
[0mPOST /users/create [36m302 [0m44.324 ms - 72[0m
[0mGET /users/sign-in [32m200 [0m4.925 ms - 2772[0m
[0mGET / [32m200 [0m670.217 ms - 3896[0m
[0mGET /users/profile/5e79a4554d8c2102bd74ca9c [36m302 [0m41.821 ms - 72[0m
[0mGET /users/sign-in [32m200 [0m17.116 ms - 2772[0m
[0mGET / [32m200 [0m117.890 ms - 4230[0m
[0mGET /favicon.ico [33m404 [0m21.929 ms - 150[0m
[0mGET /users/profile/5e79a4554d8c2102bd74ca9c [36m302 [0m10.658 ms - 72[0m
[0mGET /users/sign-in [32m200 [0m6.686 ms - 2772[0m
[0mPOST /users/create-session [36m302 [0m23.034 ms - 46[0m
[0mGET / [32m200 [0m21.369 ms - 6913[0m
[0mGET /comments/destroy/5ed9e76af121f40479b8c105 [36m302 [0m21.332 ms - 88[0m
[0mGET / [32m200 [0m19.550 ms - 6154[0m
[0mGET / [32m200 [0m93.551 ms - 6023[0m
[0mGET / [36m304 [0m24.562 ms - -[0m
[0mGET / [31m500 [0m51.405 ms - 3340[0m
[0mGET / [31m500 [0m89.583 ms - 4278[0m
[0mGET / [32m200 [0m78.898 ms - 6528[0m
[0mPOST /likes/toggle/?id=5ed9e75cf121f40479b8c103&type=Comment [31m500 [0m12.970 ms - 35[0m
[0mPOST /likes/toggle/?id=5ed9e75cf121f40479b8c103&type=Comment [31m500 [0m9.342 ms - 35[0m
[0mPOST /likes/toggle/?id=5ed9e6f9f121f40479b8c102&type=Post [31m500 [0m37.438 ms - 35[0m
[0mGET / [36m304 [0m96.564 ms - -[0m
[0mPOST /likes/toggle/?id=5ed9e6f9f121f40479b8c102&type=Post [31m500 [0m92.550 ms - 35[0m
[0mPOST /likes/toggle/?id=5ed9e6f9f121f40479b8c102&type=Post [31m500 [0m13.288 ms - 35[0m
[0mGET / [36m304 [0m96.753 ms - -[0m
[0mPOST /likes/toggle/?id=5ed9e6f9f121f40479b8c102&type=Post [31m500 [0m23.838 ms - 35[0m
[0mGET / [36m304 [0m68.172 ms - -[0m
[0mPOST /likes/toggle/?id=5ed9e6f9f121f40479b8c102&type=Post [32m200 [0m22.056 ms - 58[0m
[0mPOST /likes/toggle/?id=5ed9e6f9f121f40479b8c102&type=Post [32m200 [0m11.197 ms - 58[0m
[0mPOST /likes/toggle/?id=5ed9e6f9f121f40479b8c102&type=Post [32m200 [0m12.778 ms - 58[0m
[0mPOST /likes/toggle/?id=5ed9e6f9f121f40479b8c102&type=Post [32m200 [0m8.865 ms - 58[0m
[0mPOST /likes/toggle/?id=5ed9e75cf121f40479b8c103&type=Comment [32m200 [0m13.707 ms - 58[0m
[0mPOST /likes/toggle/?id=5ed9e75cf121f40479b8c103&type=Comment [32m200 [0m9.692 ms - 58[0m
[0mGET / [32m200 [0m35.464 ms - 6528[0m
[0mPOST /likes/toggle/?id=5ed9e75cf121f40479b8c103&type=Comment [32m200 [0m8.426 ms - 58[0m
[0mPOST /likes/toggle/?id=5ed9e6f9f121f40479b8c102&type=Post [32m200 [0m11.835 ms - 58[0m
[0mGET / [32m200 [0m73.981 ms - 6528[0m
[0mPOST /likes/toggle/?id=5ed9e6f9f121f40479b8c102&type=Post [32m200 [0m24.109 ms - 58[0m
[0mPOST /likes/toggle/?id=5ed9e6f9f121f40479b8c102&type=Post [32m200 [0m12.862 ms - 58[0m
[0mPOST /likes/toggle/?id=5ed9e6f9f121f40479b8c102&type=Post [32m200 [0m16.623 ms - 58[0m
[0mPOST /likes/toggle/?id=5ed9e6f9f121f40479b8c102&type=Post [32m200 [0m12.833 ms - 58[0m
[0mPOST /likes/toggle/?id=5ed9e6f9f121f40479b8c102&type=Post [32m200 [0m13.868 ms - 58[0m
[0mPOST /likes/toggle/?id=5ed9e6f9f121f40479b8c102&type=Post [32m200 [0m16.467 ms - 58[0m
[0mPOST /likes/toggle/?id=5ed9e6f9f121f40479b8c102&type=Post [32m200 [0m14.043 ms - 58[0m
[0mGET / [32m200 [0m35.830 ms - 4070[0m
[0mGET / [32m200 [0m19.277 ms - 4082[0m
[0mGET / [36m304 [0m20.355 ms - -[0m
[0mGET / [36m304 [0m22.493 ms - -[0m
[0mGET / [32m200 [0m19.820 ms - 4081[0m
[0mGET / [36m304 [0m24.104 ms - -[0m
[0mGET / [32m200 [0m28.845 ms - 4120[0m
[0mGET / [32m200 [0m19.969 ms - 4095[0m
[0mGET / [32m200 [0m20.160 ms - 4097[0m
[0mGET / [32m200 [0m102.916 ms - 4097[0m
[0mGET /users/profile/5e79a4554d8c2102bd74ca9c [36m302 [0m13.955 ms - 72[0m
[0mGET /users/sign-in [32m200 [0m5.251 ms - 2799[0m
[0mPOST /users/create-session [36m302 [0m8.482 ms - 46[0m
[0mGET / [32m200 [0m27.025 ms - 6831[0m
[0mPOST /likes/toggle/?id=5ed9e6f9f121f40479b8c102&type=Post [32m200 [0m28.746 ms - 58[0m
[0mPOST /likes/toggle/?id=5ed9e6f9f121f40479b8c102&type=Post [32m200 [0m58.142 ms - 58[0m
[0mPOST /likes/toggle/?id=5ed9e6f9f121f40479b8c102&type=Post [32m200 [0m23.539 ms - 58[0m
[0mPOST /likes/toggle/?id=5ed9e75cf121f40479b8c103&type=Comment [32m200 [0m17.423 ms - 58[0m
[0mPOST /likes/toggle/?id=5ed9e75cf121f40479b8c103&type=Comment [32m200 [0m17.453 ms - 58[0m
[0mPOST /likes/toggle/?id=5ed9e75cf121f40479b8c103&type=Comment [32m200 [0m55.593 ms - 58[0m
[0mPOST /likes/toggle/?id=5ed9e75cf121f40479b8c103&type=Comment [32m200 [0m17.245 ms - 58[0m
[0mPOST /likes/toggle/?id=5ed9e75cf121f40479b8c103&type=Comment [32m200 [0m15.906 ms - 58[0m
[0mGET / [32m200 [0m193.507 ms - 6585[0m
[0mPOST /likes/toggle/?id=5ed9e75cf121f40479b8c103&type=Comment [32m200 [0m28.604 ms - 58[0m
[0mGET / [32m200 [0m501.503 ms - 4126[0m
[0mGET /favicon.ico [33m404 [0m24.362 ms - 150[0m
[0mGET /users/profile/5e79a4554d8c2102bd74ca9c [36m302 [0m12.874 ms - 72[0m
[0mGET /users/sign-in [32m200 [0m5.889 ms - 2800[0m
[0mGET / [36m304 [0m33.978 ms - -[0m
[0mGET /users/profile/5e79a4554d8c2102bd74ca9c [36m302 [0m5.216 ms - 72[0m
[0mGET /users/sign-in [36m304 [0m13.432 ms - -[0m
[0mPOST /users/create-session [36m302 [0m29.223 ms - 46[0m
[0mGET / [32m200 [0m36.331 ms - 6860[0m
[0mGET /users/sign-out [36m302 [0m10.218 ms - 46[0m
[0mGET / [32m200 [0m14.532 ms - 4397[0m
[0mGET / [32m200 [0m115.439 ms - 4126[0m
[0mGET /favicon.ico [33m404 [0m14.854 ms - 150[0m
[0mGET /users/profile/5e79a4554d8c2102bd74ca9c [36m302 [0m11.763 ms - 72[0m
[0mGET /users/sign-in [32m200 [0m7.344 ms - 2800[0m
[0mGET / [32m200 [0m217.951 ms - 4126[0m
[0mGET /favicon.ico [33m404 [0m75.895 ms - 150[0m
[0mGET /users/sign-in [32m200 [0m94.858 ms - 2800[0m
[0mGET /users/auth/google [36m302 [0m8.612 ms - 0[0m
[0mGET / [36m304 [0m118.415 ms - -[0m
[0mGET /favicon.ico [33m404 [0m31.362 ms - 150[0m
[0mGET / [32m200 [0m44.893 ms - 4274[0m
[0mGET / [32m200 [0m31.818 ms - 4278[0m
[0mGET / [32m200 [0m25.973 ms - 4282[0m
[0mGET / [32m200 [0m55.573 ms - 4374[0m
[0mGET / [32m200 [0m29.131 ms - 4358[0m
[0mGET / [32m200 [0m30.663 ms - 4430[0m
[0mGET / [32m200 [0m25.547 ms - 4362[0m
[0mGET / [32m200 [0m64.928 ms - 4362[0m
[0mGET / [32m200 [0m43.000 ms - 4366[0m
[0mGET / [32m200 [0m41.743 ms - 4366[0m
[0mGET / [32m200 [0m26.059 ms - 4369[0m
[0mGET / [32m200 [0m47.362 ms - 4369[0m
[0mGET / [32m200 [0m55.788 ms - 4369[0m
[0mGET / [32m200 [0m27.668 ms - 4369[0m
[0mGET / [32m200 [0m20.610 ms - 4369[0m
[0mGET / [32m200 [0m25.971 ms - 4421[0m
[0mGET / [32m200 [0m37.631 ms - 4421[0m
[0mGET / [32m200 [0m48.291 ms - 4451[0m
[0mGET / [32m200 [0m24.972 ms - 4482[0m
[0mGET /users/sign-in [32m200 [0m6.949 ms - 2916[0m
[0mGET /users/sign-up [32m200 [0m7.829 ms - 3274[0m
[0mGET /users/sign-up [32m200 [0m9.676 ms - 3113[0m
[0mGET /users/sign-in [36m304 [0m4.591 ms - -[0m
[0mGET /users/sign-up [36m304 [0m4.272 ms - -[0m
[0mGET /users/sign-up [32m200 [0m5.860 ms - 3105[0m
[0mGET /users/sign-in [32m200 [0m5.871 ms - 2908[0m
[0mPOST /users/create-session [36m302 [0m34.325 ms - 46[0m
[0mGET / [32m200 [0m16.973 ms - 7208[0m
[0mGET / [32m200 [0m35.079 ms - 6972[0m
[0mGET /users/profile/ [33m404 [0m5.278 ms - 153[0m
[0mGET /users/profile/ [33m404 [0m5.062 ms - 153[0m
[0mGET /users/profile/ [33m404 [0m7.713 ms - 153[0m
[0mGET /users/profile/ [33m404 [0m3.417 ms - 153[0m
[0mGET /users/profile/ [33m404 [0m11.129 ms - 153[0m
[0mGET /users/profile/ [33m404 [0m13.052 ms - 153[0m
[0mGET /users/profile/ [33m404 [0m36.720 ms - 153[0m
[0mGET /users/profile/ [33m404 [0m10.101 ms - 153[0m
[0mGET /users/profile/5e79a4554d8c2102bd74ca9c [32m200 [0m19.140 ms - 2110[0m
[0mGET /users/profile/5e739d4897d38702a49bbc8e [32m200 [0m22.871 ms - 1753[0m
[0mGET / [32m200 [0m56.130 ms - 7031[0m
[0mGET / [32m200 [0m36.020 ms - 7074[0m
[0mGET /users/profile/5e79a4554d8c2102bd74ca9c [36m304 [0m38.538 ms - -[0m
[0mGET / [32m200 [0m376.596 ms - 4560[0m
[0mGET /favicon.ico [33m404 [0m34.487 ms - 150[0m
[0mGET /users/sign-in [32m200 [0m15.888 ms - 2908[0m
[0mGET /users/sign-up [32m200 [0m13.507 ms - 3105[0m
[0mGET /users/sign-in [36m304 [0m7.450 ms - -[0m
[0mPOST /users/create-session [36m302 [0m32.906 ms - 46[0m
[0mGET / [32m200 [0m19.132 ms - 7330[0m
[0mGET /users/profile/5e79a4554d8c2102bd74ca9c [32m200 [0m12.832 ms - 2114[0m
[0mPOST /posts/create [32m200 [0m20.951 ms - 463[0m
[0mPOST /comments/create [36m302 [0m35.409 ms - 46[0m
[0mGET / [32m200 [0m19.891 ms - 9573[0m
[0mGET /users/sign-out [36m302 [0m3.914 ms - 46[0m
[0mGET / [32m200 [0m16.003 ms - 5858[0m
[0mGET /users/sign-in [36m304 [0m6.029 ms - -[0m
[0mGET / [32m200 [0m154.481 ms - 5587[0m
[0mGET /favicon.ico [33m404 [0m27.874 ms - 150[0m
[0mGET / [36m304 [0m66.324 ms - -[0m
[0mGET /users/sign-in [32m200 [0m10.003 ms - 2908[0m
[0mPOST /users/create-session [36m302 [0m28.235 ms - 46[0m
[0mGET / [32m200 [0m23.601 ms - 9569[0m
[0mGET / [32m200 [0m123.077 ms - 5587[0m
[0mGET /favicon.ico [33m404 [0m32.541 ms - 150[0m
[0mGET /users/sign-up [32m200 [0m10.160 ms - 3105[0m
[0mGET /users/sign-in [32m200 [0m7.423 ms - 2908[0m
[0mGET /users/sign-up [36m304 [0m7.684 ms - -[0m
[0mGET /users/sign-in [36m304 [0m5.285 ms - -[0m
[0mGET / [32m200 [0m160.671 ms - 5587[0m
[0mGET /favicon.ico [33m404 [0m36.977 ms - 150[0m
[0mGET /users/profile/5e79a4554d8c2102bd74ca9c [36m302 [0m7.241 ms - 72[0m
[0mGET /users/sign-in [32m200 [0m6.770 ms - 2908[0m
[0mPOST /users/create-session [36m302 [0m26.326 ms - 46[0m
[0mGET / [32m200 [0m22.931 ms - 9569[0m
[0mGET /users/profile/5e79a4554d8c2102bd74ca9c [32m200 [0m10.167 ms - 2114[0m
[0mGET / [32m200 [0m144.574 ms - 5587[0m
[0mGET /favicon.ico [33m404 [0m13.158 ms - 150[0m
[0mGET /users/sign-up [32m200 [0m11.878 ms - 3125[0m
[0mGET /users/sign-in [32m200 [0m6.740 ms - 2908[0m
[0mGET /users/sign-up [36m304 [0m7.054 ms - -[0m
[0mGET /users/sign-in [36m304 [0m6.495 ms - -[0m
[0mGET /users/sign-in [36m304 [0m6.473 ms - -[0m
[0mGET /users/sign-up [32m200 [0m11.094 ms - 3126[0m
[0mGET /users/sign-up [32m200 [0m10.919 ms - 3126[0m
[0mGET /users/sign-up [32m200 [0m8.958 ms - 3126[0m
[0mGET /users/sign-up [32m200 [0m8.002 ms - 3213[0m
[0mGET /users/sign-up [36m304 [0m10.010 ms - -[0m
[0mGET /users/sign-in [32m200 [0m15.126 ms - 2973[0m
[0mGET /users/sign-in [32m200 [0m28.494 ms - 2972[0m
[0mPOST /users/create-session [36m302 [0m34.487 ms - 46[0m
[0mGET / [32m200 [0m36.837 ms - 9568[0m
[0mPOST /comments/create [36m302 [0m79.641 ms - 46[0m
[0mGET / [32m200 [0m29.648 ms - 10326[0m
[0mGET /comments/destroy/5f48c0c1f495e310de184f08 [36m302 [0m47.115 ms - 88[0m
[0mGET / [32m200 [0m32.388 ms - 9294[0m
[0mGET /comments/destroy/5f26c6487f94f2027d24c7ab [36m302 [0m21.735 ms - 88[0m
[0mGET / [32m200 [0m30.621 ms - 8541[0m
[0mGET /comments/destroy/5ed9e75cf121f40479b8c103 [36m302 [0m15.600 ms - 88[0m
[0mGET / [32m200 [0m15.050 ms - 7788[0m
[0mGET / [32m200 [0m141.577 ms - 4926[0m
[0mGET /favicon.ico [33m404 [0m26.249 ms - 150[0m
[0mGET /users/sign-in [36m304 [0m83.503 ms - -[0m
[0mGET /users/sign-up [32m200 [0m14.558 ms - 3212[0m
[0mGET / [36m304 [0m116.574 ms - -[0m
[0mGET /favicon.ico [33m404 [0m17.208 ms - 150[0m
[0mGET /users/sign-up [36m304 [0m11.093 ms - -[0m
[0mGET /users/sign-in [36m304 [0m9.067 ms - -[0m
[0mPOST /users/create-session [36m302 [0m36.547 ms - 46[0m
[0mGET / [32m200 [0m19.955 ms - 8062[0m
[0mPOST /posts/create [32m200 [0m22.513 ms - 463[0m
[0mPOST /comments/create [36m302 [0m49.758 ms - 46[0m
[0mGET / [32m200 [0m14.331 ms - 9552[0m
[0mPOST /likes/toggle/?id=5f53d27759029007bad842e3&type=Post [32m200 [0m19.438 ms - 58[0m
[0mPOST /likes/toggle/?id=5f53d27759029007bad842e3&type=Post [32m200 [0m13.971 ms - 58[0m
[0mPOST /likes/toggle/?id=5f53d27759029007bad842e3&type=Post [32m200 [0m14.905 ms - 58[0m
[0mGET /users/profile/5e739d4897d38702a49bbc8e [32m200 [0m19.107 ms - 1756[0m
[0mGET /users/sign-out [36m302 [0m5.703 ms - 46[0m
[0mGET / [32m200 [0m23.169 ms - 6224[0m
[0mGET /users/sign-in [36m304 [0m5.759 ms - -[0m
[0mGET /users/auth/google [36m302 [0m6.296 ms - 0[0m
[0mGET /users/auth/google/callback?code=4%2F3wHanbtPpk3yVWtXYc1u4l-kSVByvChikuFO1NkN4B1_ABfRhuKYQdoSJJiiuZREP7oZdwS5NNYkOU97Zz2TsVY&scope=email+profile+https%3A%2F%2Fwww.googleapis.com%2Fauth%2Fuserinfo.profile+https%3A%2F%2Fwww.googleapis.com%2Fauth%2Fuserinfo.email+openid&authuser=0&prompt=consent [36m302 [0m470.566 ms - 46[0m
[0mGET / [32m200 [0m19.402 ms - 9272[0m
[0mGET /users/sign-out [36m302 [0m9.403 ms - 46[0m
[0mGET / [32m200 [0m17.712 ms - 6224[0m
[0mGET /users/sign-in [36m304 [0m5.287 ms - -[0m
[0mGET / [32m200 [0m1354.563 ms - 5953[0m
[0mGET /favicon.ico [33m404 [0m103.668 ms - 150[0m
[0mGET /users/sign-up [36m304 [0m11.959 ms - -[0m
[0mGET /users/sign-in [36m304 [0m10.429 ms - -[0m
[0mGET /users/sign-in [32m200 [0m5.699 ms - 2953[0m
[0mGET /users/sign-in [32m200 [0m11.021 ms - 2952[0m
[0mGET /users/sign-in [32m200 [0m5.747 ms - 2952[0m
[0mGET /users/sign-in [32m200 [0m7.253 ms - 2952[0m
[0mGET /users/sign-in [32m200 [0m10.444 ms - 2936[0m
[0mGET /users/sign-in [32m200 [0m5.647 ms - 2946[0m
[0mGET /users/sign-up [32m200 [0m5.211 ms - 3047[0m
[0mGET /users/sign-in [36m304 [0m7.100 ms - -[0m
[0mGET /users/sign-in [32m200 [0m7.948 ms - 2963[0m
[0mGET /users/sign-in [32m200 [0m8.016 ms - 2963[0m
[0mGET /users/sign-in [32m200 [0m7.954 ms - 2963[0m
[0mPOST /users/create-session [36m302 [0m35.514 ms - 46[0m
[0mGET / [32m200 [0m24.482 ms - 10301[0m
[0mGET / [32m200 [0m39.011 ms - 10027[0m
[0mGET /posts/destroy/5ed9e6f9f121f40479b8c102 [36m302 [0m45.587 ms - 88[0m
[0mGET / [32m200 [0m16.727 ms - 8827[0m
[0mGET /posts/destroy/5f26c63f7f94f2027d24c7aa [36m302 [0m9.021 ms - 88[0m
[0mGET / [32m200 [0m13.971 ms - 6588[0m
[0mGET /posts/destroy/5f53d27759029007bad842e3 [36m302 [0m14.324 ms - 88[0m
[0mGET / [32m200 [0m12.369 ms - 5102[0m
[0mPOST /posts/create [32m200 [0m16.238 ms - 463[0m
[0mPOST /comments/create [0m- [0m- ms - -[0m
[0mPOST /posts/create [32m200 [0m7.610 ms - 463[0m
[0mPOST /posts/create [32m200 [0m9.827 ms - 467[0m
[0mPOST /comments/create [0m- [0m- ms - -[0m
[0mPOST /posts/create [32m200 [0m4.779 ms - 462[0m
[0mPOST /posts/create [32m200 [0m7.694 ms - 468[0m
[0mGET / [32m200 [0m27.246 ms - 12250[0m
[0mGET /posts/destroy/5f549a61728e94028d2d8fdf [36m302 [0m10.886 ms - 88[0m
[0mGET / [32m200 [0m15.506 ms - 11052[0m
[0mGET /posts/destroy/5f549a6f728e94028d2d8fe0 [36m302 [0m10.736 ms - 88[0m
[0mGET / [32m200 [0m14.398 ms - 9566[0m
[0mGET /posts/destroy/5f549a7b728e94028d2d8fe1 [36m302 [0m11.828 ms - 88[0m
[0mGET / [32m200 [0m15.478 ms - 8078[0m
[0mGET /posts/destroy/5f549ab2728e94028d2d8fe2 [36m302 [0m9.880 ms - 88[0m
[0mGET / [32m200 [0m10.469 ms - 6593[0m
[0mGET /posts/destroy/5f549ab7728e94028d2d8fe3 [36m302 [0m10.363 ms - 88[0m
[0mGET / [32m200 [0m12.505 ms - 5102[0m
[0mPOST /posts/create [32m200 [0m4.842 ms - 463[0m
[0mGET / [32m200 [0m13.117 ms - 6300[0m
[0mPOST /comments/create [36m302 [0m29.166 ms - 46[0m
[0mGET / [32m200 [0m17.155 ms - 7331[0m
[0mGET /users/sign-out [36m302 [0m7.390 ms - 46[0m
[0mGET / [32m200 [0m17.294 ms - 4664[0m
[0mGET /users/sign-in [36m304 [0m4.768 ms - -[0m
[0mGET /favicon.ico [33m404 [0m11.225 ms - 150[0m
[0mGET / [32m200 [0m178.210 ms - 4393[0m
[0mGET /users/profile/5e739d4897d38702a49bbc8e [36m302 [0m12.864 ms - 72[0m
[0mGET /users/sign-in [36m304 [0m6.931 ms - -[0m
[0mPOST /users/create-session [36m302 [0m25.410 ms - 46[0m
[0mGET / [32m200 [0m27.988 ms - 7327[0m
[0mGET /users/profile/ [33m404 [0m5.885 ms - 153[0m
[0mGET /users/profile/5e739d4897d38702a49bbc8e [32m200 [0m26.019 ms - 1756[0m
[0mGET /users/profile/5e739d4897d38702a49bbc8e [36m304 [0m12.157 ms - -[0m
[0mGET /users/profile/5e739de297d38702a49bbc90 [32m200 [0m6.867 ms - 1756[0m
[0mGET /users/profile/5e79a4554d8c2102bd74ca9c [32m200 [0m16.356 ms - 2113[0m
[0mGET /?SEND=Submit [32m200 [0m29.026 ms - 7053[0m
[0mGET /?SEND=Submit [36m304 [0m101.033 ms - -[0m
[0mGET /users/profile/5e739d4897d38702a49bbc8e [36m304 [0m55.186 ms - -[0m
[0mGET /users/sign-out [36m302 [0m15.410 ms - 46[0m
[0mGET / [32m200 [0m53.833 ms - 4664[0m
[0mGET /users/profile/5e739d4897d38702a49bbc8e [36m302 [0m4.348 ms - 72[0m
[0mGET /users/sign-in [36m304 [0m4.864 ms - -[0m
[0mPOST /users/create-session [36m302 [0m6.862 ms - 46[0m
[0mGET / [32m200 [0m30.389 ms - 7327[0m
[0mGET / [32m200 [0m86.332 ms - 4393[0m
[0mGET /users/profile/5e739d4897d38702a49bbc8e [36m302 [0m12.422 ms - 72[0m
[0mGET /users/sign-in [36m304 [0m9.257 ms - -[0m
[0mPOST /users/create-session [36m302 [0m8.689 ms - 46[0m
[0mGET / [32m200 [0m22.776 ms - 7327[0m
[0mGET /users/profile/ [33m404 [0m12.240 ms - 153[0m
[0mGET / [32m200 [0m28.340 ms - 7078[0m
[0mGET / [36m304 [0m42.989 ms - -[0m
[0mGET / [32m200 [0m64.454 ms - 7072[0m
[0mGET /users/profile/5e739de297d38702a49bbc90 [32m200 [0m14.615 ms - 1775[0m
[0mGET /users/profile/5e739de297d38702a49bbc90 [36m304 [0m11.169 ms - -[0m
[0mGET /users/profile/5e79a4554d8c2102bd74ca9c [32m200 [0m13.458 ms - 2132[0m
[0mGET /users/profile/5e79a4554d8c2102bd74ca9c [32m200 [0m16.133 ms - 16819[0m
[0mGET /users/profile/static/download.png [33m404 [0m52.574 ms - 172[0m
[0mGET /users/profile/resumestyle.css [32m200 [0m55.798 ms - 16819[0m
[0mGET /users/profile/resumejs.js [32m200 [0m56.094 ms - 16819[0m
[0mGET /users/profile/static/IMG_4737.jpg [33m404 [0m74.513 ms - 172[0m
[0mGET /users/profile/static/download.jpeg [33m404 [0m61.288 ms - 173[0m
[0mGET /users/profile/static/download%20(2).jpeg [33m404 [0m56.685 ms - 179[0m
[0mGET /users/profile/static/download%20(1).jpeg [33m404 [0m73.904 ms - 179[0m
[0mGET /users/profile/static/images.jpeg [33m404 [0m62.325 ms - 171[0m
[0mGET / [36m304 [0m116.964 ms - -[0m
[0mGET /users/profile/5e79a4554d8c2102bd74ca9c [36m304 [0m16.639 ms - -[0m
[0mGET /users/profile/static/IMG_4737.jpg [33m404 [0m49.959 ms - 172[0m
[0mGET /users/profile/static/download.png [33m404 [0m30.505 ms - 172[0m
[0mGET /users/profile/resumejs.js [36m304 [0m45.094 ms - -[0m
[0mGET /users/profile/resumestyle.css [36m304 [0m53.615 ms - -[0m
[0mGET /users/profile/static/download.jpeg [33m404 [0m47.924 ms - 173[0m
[0mGET /users/profile/static/download%20(2).jpeg [33m404 [0m52.407 ms - 179[0m
[0mGET /users/profile/static/download%20(1).jpeg [33m404 [0m22.591 ms - 179[0m
[0mGET /users/profile/static/images.jpeg [33m404 [0m12.621 ms - 171[0m
[0mGET /users/profile/5e79a4554d8c2102bd74ca9c [32m200 [0m12.488 ms - 16828[0m
[0mGET /users/profile/static/download.png [33m404 [0m47.780 ms - 172[0m
[0mGET /users/profile/static/IMG_4737.jpg [33m404 [0m55.091 ms - 172[0m
[0mGET /users/profile/static/download%20(2).jpeg [33m404 [0m43.717 ms - 179[0m
[0mGET /users/profile/static/download.jpeg [33m404 [0m47.866 ms - 173[0m
[0mGET /users/profile/static/download%20(1).jpeg [33m404 [0m36.922 ms - 179[0m
[0mGET /users/profile/static/images.jpeg [33m404 [0m34.982 ms - 171[0m
[0mGET /users/profile/5e79a4554d8c2102bd74ca9c [36m304 [0m13.024 ms - -[0m
[0mGET /users/profile/static/download.png [33m404 [0m44.658 ms - 172[0m
[0mGET /users/profile/static/download.jpeg [33m404 [0m40.314 ms - 173[0m
[0mGET /users/profile/static/download%20(2).jpeg [33m404 [0m37.480 ms - 179[0m
[0mGET /users/profile/static/download%20(1).jpeg [33m404 [0m46.445 ms - 179[0m
[0mGET /users/profile/static/IMG_4737.jpg [33m404 [0m72.720 ms - 172[0m
[0mGET /users/profile/static/images.jpeg [33m404 [0m51.432 ms - 171[0m
[0mGET /users/profile/5e79a4554d8c2102bd74ca9c [32m200 [0m19.774 ms - 16829[0m
[0mGET /users/profile/static/IMG_4737.jpg [33m404 [0m46.395 ms - 172[0m
[0mGET /users/profile/static/download.jpeg [33m404 [0m30.739 ms - 173[0m
[0mGET /users/profile/static/download%20(2).jpeg [33m404 [0m36.517 ms - 179[0m
[0mGET /users/profile/static/download%20(1).jpeg [33m404 [0m34.031 ms - 179[0m
[0mGET /users/profile/static/images.jpeg [33m404 [0m32.491 ms - 171[0m
[0mGET /users/profile/5e79a4554d8c2102bd74ca9c [32m200 [0m10.133 ms - 16835[0m
[0mGET /users/profile/5e79a4554d8c2102bd74ca9c [36m304 [0m14.493 ms - -[0m
[0mGET /users/profile/5e739d4897d38702a49bbc8e [32m200 [0m6.783 ms - 16835[0m
[0mGET / [32m200 [0m16.776 ms - 7114[0m
[0mGET / [32m200 [0m16.992 ms - 7109[0m
[0mGET /views/recruiter_profile.ejs [33m404 [0m5.556 ms - 166[0m
[0mGET / [36m304 [0m79.087 ms - -[0m
[0mGET /users/profile/5e79a4554d8c2102bd74ca9c [32m200 [0m13.557 ms - 16872[0m
[0mGET / [32m200 [0m104.865 ms - 4393[0m
[0mGET /favicon.ico [33m404 [0m10.585 ms - 150[0m
[0mGET /users/profile/5e739d4897d38702a49bbc8e [36m302 [0m11.875 ms - 72[0m
[0mGET /users/sign-in [36m304 [0m6.028 ms - -[0m
[0mPOST /users/create-session [36m302 [0m30.500 ms - 46[0m
[0mGET / [32m200 [0m19.157 ms - 7383[0m
[0mGET /?SEND=Submit [32m200 [0m19.356 ms - 7109[0m
[0mGET /?SEND=Submit [36m304 [0m42.245 ms - -[0m
[0mGET /?SEND=Submit [36m304 [0m67.498 ms - -[0m
[0mGET /?SEND=Submit [36m304 [0m41.910 ms - -[0m
[0mGET /views/recruiter_profile.ejs [33m404 [0m11.681 ms - 166[0m
[0mGET /?SEND=Submit [32m200 [0m55.389 ms - 6664[0m
[0mGET /?SEND=Submit [32m200 [0m36.076 ms - 7109[0m
[0mGET /?SEND=Submit [36m304 [0m30.172 ms - -[0m
[0mGET /?SEND=Submit [32m200 [0m37.694 ms - 7251[0m
[0mGET /?SEND=Submit [32m200 [0m44.456 ms - 7303[0m
[0mGET /?SEND=Submit [36m304 [0m46.378 ms - -[0m
[0mGET /?SEND=Submit [36m304 [0m29.758 ms - -[0m
[0mGET /?SEND=Submit [36m304 [0m46.420 ms - -[0m
[0mGET /?SEND=Submit [32m200 [0m42.433 ms - 6927[0m
[0mGET /?SEND=Submit [32m200 [0m29.524 ms - 6898[0m
[0mGET /?SEND=Submit [32m200 [0m26.877 ms - 6856[0m
[0mGET /?SEND=Submit [32m200 [0m31.737 ms - 6855[0m
[0mGET /?SEND=Submit [36m304 [0m17.389 ms - -[0m
[0mGET /?SEND=Submit [32m200 [0m30.114 ms - 6868[0m
[0mGET /?SEND=Submit [36m304 [0m31.043 ms - -[0m
[0mGET /?SEND=Submit [36m304 [0m39.409 ms - -[0m
[0mGET /?SEND=Submit [36m304 [0m41.051 ms - -[0m
[0mGET /?SEND=Submit [36m304 [0m31.467 ms - -[0m
[0mGET / [32m200 [0m43.994 ms - 6868[0m
[0mGET /favicon.ico [33m404 [0m8.960 ms - 150[0m
[0mGET / [36m304 [0m30.743 ms - -[0m
[0mGET / [32m200 [0m41.219 ms - 6881[0m
[0mGET / [36m304 [0m35.285 ms - -[0m
[0mGET / [36m304 [0m17.078 ms - -[0m
[0mGET / [36m304 [0m62.064 ms - -[0m
[0mGET / [36m304 [0m18.937 ms - -[0m
[0mGET / [32m200 [0m71.783 ms - 6881[0m
[0mGET / [36m304 [0m34.281 ms - -[0m
[0mGET / [36m304 [0m61.623 ms - -[0m
[0mGET / [36m304 [0m31.572 ms - -[0m
[0mGET / [32m200 [0m99.109 ms - 4445[0m
[0mGET /users/profile/5e739d4897d38702a49bbc8e [36m302 [0m11.566 ms - 72[0m
[0mGET /users/sign-in [36m304 [0m8.623 ms - -[0m
[0mPOST /users/create-session [36m302 [0m9.530 ms - 46[0m
[0mGET / [32m200 [0m20.581 ms - 7155[0m
[0mPOST /posts/create [32m200 [0m21.130 ms - 463[0m
[0mGET / [32m200 [0m23.450 ms - 8367[0m
[0mPOST /comments/create [36m302 [0m30.422 ms - 46[0m
[0mGET / [32m200 [0m18.979 ms - 9398[0m
[0mGET /posts/destroy/5f549b2b728e94028d2d8fe4 [36m302 [0m8.843 ms - 88[0m
[0mGET / [32m200 [0m18.011 ms - 7169[0m
[0mGET /comments/destroy/5f590dce270fad281df95c21 [36m302 [0m15.285 ms - 88[0m
[0mGET / [32m200 [0m13.608 ms - 6128[0m
[0mGET /users/profile/5e739d4897d38702a49bbc8e [32m200 [0m13.001 ms - 16872[0m
[0mGET / [32m200 [0m116.191 ms - 4115[0m
[0mGET /favicon.ico [33m404 [0m33.680 ms - 150[0m
[0mGET /users/profile/5e739d4897d38702a49bbc8e [36m302 [0m10.345 ms - 72[0m
[0mGET /users/sign-in [36m304 [0m4.155 ms - -[0m
[0mPOST /users/create-session [36m302 [0m25.193 ms - 46[0m
[0mGET / [32m200 [0m18.984 ms - 6391[0m
[0mGET / [32m200 [0m130.921 ms - 4115[0m
[0mGET /favicon.ico [33m404 [0m18.535 ms - 150[0m
[0mGET /users/profile/5e739d4897d38702a49bbc8e [36m302 [0m11.164 ms - 72[0m
[0mGET /users/sign-in [36m304 [0m8.601 ms - -[0m
[0mGET /users/auth/google [36m302 [0m7.241 ms - 0[0m
[0mGET / [36m304 [0m72.323 ms - -[0m
[0mGET /users/profile/5e739d4897d38702a49bbc8e [36m302 [0m2.703 ms - 72[0m
[0mGET /users/sign-in [36m304 [0m3.568 ms - -[0m
[0mPOST /users/create-session [36m302 [0m29.732 ms - 46[0m
[0mGET / [32m200 [0m16.185 ms - 6391[0m
[0mGET / [32m200 [0m139.883 ms - 6117[0m
[0mGET /users/profile/5e739d4897d38702a49bbc8e [32m200 [0m22.059 ms - 16861[0m
[0mGET /users/sign-out [36m302 [0m12.301 ms - 46[0m
[0mGET / [32m200 [0m17.479 ms - 4386[0m
[0mGET /users/profile/5e739d4897d38702a49bbc8e [36m302 [0m5.353 ms - 72[0m
[0mGET /users/sign-in [36m304 [0m3.405 ms - -[0m
[0mGET /users/auth/google [36m302 [0m7.097 ms - 0[0m
[0mGET / [32m200 [0m112.758 ms - 4115[0m
[0mGET /favicon.ico [33m404 [0m30.215 ms - 150[0m
[0mGET /users/profile/5e739d4897d38702a49bbc8e [36m302 [0m15.589 ms - 72[0m
[0mGET /users/sign-in [36m304 [0m8.790 ms - -[0m
[0mPOST /users/create-session [36m302 [0m30.006 ms - 46[0m
[0mGET / [32m200 [0m20.435 ms - 6391[0m
[0mGET /users/profile/5e739d4897d38702a49bbc8e [32m200 [0m17.819 ms - 16861[0m
[0mGET /users/sign-out [36m302 [0m8.668 ms - 46[0m
[0mGET / [32m200 [0m11.555 ms - 4386[0m
[0mGET / [32m200 [0m130.724 ms - 4115[0m
[0mGET /favicon.ico [33m404 [0m30.799 ms - 150[0m
[0mGET /users/sign-in [32m200 [0m8.829 ms - 2963[0m
[0mGET / [32m200 [0m228.650 ms - 4115[0m
[0mGET /favicon.ico [33m404 [0m18.303 ms - 150[0m
[0mGET /users/sign-in [32m200 [0m20.162 ms - 2963[0m
[0mPOST /users/create-session [36m302 [0m30.560 ms - 46[0m
[0mGET / [32m200 [0m23.954 ms - 6391[0m
[0mGET /users/sign-out [36m302 [0m6.217 ms - 46[0m
[0mGET / [32m200 [0m12.673 ms - 4386[0m
[0mGET /users/sign-in [36m304 [0m7.972 ms - -[0m
[0mGET /users/sign-up [32m200 [0m6.895 ms - 3047[0m
[0mGET /users/sign-in [36m304 [0m5.809 ms - -[0m
[0mPOST /users/create-session [36m302 [0m9.585 ms - 46[0m
[0mGET / [32m200 [0m22.198 ms - 6391[0m
[0mGET / [32m200 [0m22.901 ms - 6117[0m
[0mGET / [36m304 [0m19.467 ms - -[0m
[0mGET / [36m304 [0m25.654 ms - -[0m
[0mGET / [36m304 [0m14.881 ms - -[0m
[0mGET /users/profile/5e739d4897d38702a49bbc8e [32m200 [0m19.962 ms - 16861[0m
[0mGET / [36m304 [0m104.309 ms - -[0m
[0mGET /users/sign-out [36m302 [0m12.719 ms - 46[0m
[0mGET / [32m200 [0m13.353 ms - 4386[0m
[0mGET /users/sign-in [36m304 [0m9.730 ms - -[0m
[0mGET /users/auth/google [36m302 [0m7.435 ms - 0[0m
[0mGET / [32m200 [0m111.095 ms - 4115[0m
[0mGET /favicon.ico [33m404 [0m7.139 ms - 150[0m
[0mGET /users/sign-in [32m200 [0m8.477 ms - 2963[0m
[0mGET /users/sign-up [32m200 [0m21.313 ms - 3047[0m
[0mGET /users/sign-in [36m304 [0m8.908 ms - -[0m
[0mPOST /users/create-session [36m302 [0m27.847 ms - 46[0m
[0mGET / [32m200 [0m32.870 ms - 6391[0m
[0mGET /users/profile/5e739d4897d38702a49bbc8e [32m200 [0m18.376 ms - 16861[0m
[0mGET /users/sign-out [36m302 [0m7.114 ms - 46[0m
[0mGET / [32m200 [0m17.829 ms - 4386[0m
[0mGET /users/sign-in [36m304 [0m7.379 ms - -[0m
[0mGET / [32m200 [0m217.421 ms - 4115[0m
[0mGET /favicon.ico [33m404 [0m8.871 ms - 150[0m
[0mGET /users/sign-in [32m200 [0m12.117 ms - 2963[0m
[0mGET /users/sign-up [32m200 [0m7.846 ms - 3047[0m
[0mGET /users/auth/google [36m302 [0m10.792 ms - 0[0m
[0mGET /users/sign-in [36m304 [0m7.554 ms - -[0m
[0mPOST /users/create-session [36m302 [0m24.795 ms - 46[0m
[0mGET / [32m200 [0m26.112 ms - 6391[0m
[0mPOST /comments/create [36m302 [0m61.459 ms - 46[0m
[0mGET / [32m200 [0m29.060 ms - 7149[0m
[0mPOST /posts/create [32m200 [0m12.662 ms - 466[0m
[0mGET /users/profile/5e739d4897d38702a49bbc8e [32m200 [0m21.654 ms - 16861[0m
[0mGET /users/sign-out [36m302 [0m6.932 ms - 46[0m
[0mGET / [32m200 [0m21.381 ms - 5417[0m
[0mGET /users/sign-in [36m304 [0m9.106 ms - -[0m
[0mGET / [32m200 [0m208.252 ms - 5146[0m
[0mGET /favicon.ico [33m404 [0m29.466 ms - 150[0m
[0mGET /users/sign-in [32m200 [0m7.255 ms - 2963[0m
[0mGET / [36m304 [0m128.290 ms - -[0m
[0mGET /favicon.ico [33m404 [0m7.719 ms - 150[0m
[0mGET / [32m200 [0m153.580 ms - 5146[0m
[0mGET /favicon.ico [33m404 [0m25.881 ms - 150[0m
[0mGET /users/sign-in [32m200 [0m9.759 ms - 2963[0m
[0mPOST /users/create-session [36m302 [0m73.206 ms - 46[0m
[0mGET / [32m200 [0m42.813 ms - 8634[0m
[0mPOST /likes/toggle/?id=60485aeee50a6402a643925e&type=Post [32m200 [0m140.040 ms - 58[0m
[0mPOST /likes/toggle/?id=60485aeee50a6402a643925e&type=Post [32m200 [0m26.827 ms - 58[0m
[0mPOST /comments/create [36m302 [0m63.513 ms - 46[0m
[0mGET / [32m200 [0m38.323 ms - 9391[0m
[0mPOST /posts/create [32m200 [0m8.874 ms - 463[0m
[0mGET /comments/destroy/60485ae8e50a6402a643925c [36m302 [0m30.603 ms - 88[0m
[0mGET / [32m200 [0m17.303 ms - 9845[0m
[0mGET /posts/destroy/5f590dc7270fad281df95c20 [36m302 [0m22.717 ms - 88[0m
[0mGET / [32m200 [0m17.698 ms - 8647[0m
[0mGET /posts/destroy/60485aeee50a6402a643925e [36m302 [0m12.945 ms - 88[0m
[0mGET / [32m200 [0m16.186 ms - 6405[0m
[0mGET /posts/destroy/61445014ddc8cc4eb935d9a5 [36m302 [0m13.682 ms - 88[0m
[0mGET / [32m200 [0m16.175 ms - 4919[0m
[0mGET / [32m200 [0m247.319 ms - 3418[0m
[0mGET /users/sign-in [36m304 [0m42.033 ms - -[0m
[0mGET /users/sign-up [32m200 [0m27.682 ms - 3047[0m
[0mGET /users/sign-in [36m304 [0m43.755 ms - -[0m
[0mPOST /users/create-session [36m302 [0m24.626 ms - 46[0m
[0mGET / [32m200 [0m31.915 ms - 4905[0m
[0mPOST /posts/create [32m200 [0m43.415 ms - 463[0m
